{"contracts/LiquidBase.sol":{"l":{},"path":"/home/dak/Desktop/Wise/contract_repos/liquid-nfts/liquid-nft-contracts/contracts/LiquidBase.sol","s":{},"b":{},"f":{},"fnMap":{},"statementMap":{},"branchMap":{}},"contracts/LiquidFactory.sol":{"l":{"90":0,"94":0,"102":0,"103":0,"104":0,"106":0,"112":0,"124":0,"142":0,"143":0,"150":0,"160":0,"170":0,"179":0,"186":0,"201":0,"205":0,"217":0,"218":0,"226":0,"239":0,"243":0,"254":0,"260":0,"264":0,"286":0,"287":0,"301":0,"306":0,"310":0,"315":0,"322":0,"336":0,"341":0,"345":0,"349":0,"356":0,"370":0,"385":0,"391":0,"411":0,"420":0},"path":"/home/dak/Desktop/Wise/contract_repos/liquid-nfts/liquid-nft-contracts/contracts/LiquidFactory.sol","s":{"1":0,"2":0,"3":0,"4":0,"5":0,"6":0,"7":0,"8":0,"9":0,"10":0,"11":0,"12":0,"13":0,"14":0,"15":0,"16":0,"17":0,"18":0,"19":0,"20":0,"21":0,"22":0,"23":0,"24":0,"25":0,"26":0,"27":0,"28":0,"29":0,"30":0,"31":0,"32":0,"33":0,"34":0,"35":0,"36":0,"37":0,"38":0,"39":0},"b":{"1":[0,0],"2":[0,0],"3":[0,0],"4":[0,0],"5":[0,0]},"f":{"1":0,"2":0,"3":0,"4":0,"5":0,"6":0,"7":0,"8":0,"9":0,"10":0,"11":0,"12":0,"13":0,"14":0,"15":0,"16":0},"fnMap":{"1":{"name":"onlyMaster","line":89,"loc":{"start":{"line":89,"column":4},"end":{"line":95,"column":4}}},"2":{"name":"constructor","line":97,"loc":{"start":{"line":97,"column":4},"end":{"line":115,"column":4}}},"3":{"name":"storePredictions","line":117,"loc":{"start":{"line":117,"column":4},"end":{"line":129,"column":4}}},"4":{"name":"_storePredictions","line":135,"loc":{"start":{"line":135,"column":4},"end":{"line":152,"column":4}}},"5":{"name":"updateDefaultTarget","line":158,"loc":{"start":{"line":154,"column":4},"end":{"line":161,"column":4}}},"6":{"name":"updateImplementation","line":168,"loc":{"start":{"line":163,"column":4},"end":{"line":171,"column":4}}},"7":{"name":"updateMaster","line":177,"loc":{"start":{"line":173,"column":4},"end":{"line":180,"column":4}}},"8":{"name":"revokeMaster","line":184,"loc":{"start":{"line":182,"column":4},"end":{"line":187,"column":4}}},"9":{"name":"createLiquidLocker","line":189,"loc":{"start":{"line":189,"column":4},"end":{"line":231,"column":4}}},"10":{"name":"createEmptyLocker","line":233,"loc":{"start":{"line":233,"column":4},"end":{"line":246,"column":4}}},"11":{"name":"_generateLocker","line":248,"loc":{"start":{"line":248,"column":4},"end":{"line":289,"column":4}}},"12":{"name":"contributeToLocker","line":291,"loc":{"start":{"line":291,"column":4},"end":{"line":328,"column":4}}},"13":{"name":"paybackToLocker","line":330,"loc":{"start":{"line":330,"column":4},"end":{"line":361,"column":4}}},"14":{"name":"getImplementation","line":363,"loc":{"start":{"line":363,"column":4},"end":{"line":374,"column":4}}},"15":{"name":"predictLockerAddress","line":376,"loc":{"start":{"line":376,"column":4},"end":{"line":401,"column":4}}},"16":{"name":"_safeTransferFrom","line":403,"loc":{"start":{"line":403,"column":4},"end":{"line":428,"column":4}}}},"statementMap":{"1":{"start":{"line":90,"column":8},"end":{"line":90,"column":1981}},"2":{"start":{"line":102,"column":8},"end":{"line":102,"column":37}},"3":{"start":{"line":103,"column":8},"end":{"line":103,"column":54}},"4":{"start":{"line":104,"column":8},"end":{"line":104,"column":33}},"5":{"start":{"line":106,"column":8},"end":{"line":106,"column":2364}},"6":{"start":{"line":112,"column":8},"end":{"line":112,"column":2481}},"7":{"start":{"line":124,"column":8},"end":{"line":124,"column":2711}},"8":{"start":{"line":142,"column":8},"end":{"line":142,"column":3058}},"9":{"start":{"line":143,"column":12},"end":{"line":143,"column":3139}},"10":{"start":{"line":150,"column":12},"end":{"line":150,"column":36}},"11":{"start":{"line":160,"column":8},"end":{"line":160,"column":40}},"12":{"start":{"line":170,"column":8},"end":{"line":170,"column":54}},"13":{"start":{"line":179,"column":8},"end":{"line":179,"column":33}},"14":{"start":{"line":186,"column":8},"end":{"line":186,"column":35}},"15":{"start":{"line":201,"column":8},"end":{"line":201,"column":4348}},"16":{"start":{"line":205,"column":8},"end":{"line":205,"column":4427}},"17":{"start":{"line":217,"column":8},"end":{"line":217,"column":4697}},"18":{"start":{"line":218,"column":12},"end":{"line":218,"column":4761}},"19":{"start":{"line":226,"column":8},"end":{"line":226,"column":4928}},"20":{"start":{"line":239,"column":8},"end":{"line":239,"column":5177}},"21":{"start":{"line":243,"column":8},"end":{"line":243,"column":5257}},"22":{"start":{"line":254,"column":8},"end":{"line":254,"column":5458}},"23":{"start":{"line":260,"column":8},"end":{"line":260,"column":5578}},"24":{"start":{"line":286,"column":8},"end":{"line":286,"column":6191}},"25":{"start":{"line":287,"column":12},"end":{"line":287,"column":40}},"26":{"start":{"line":301,"column":8},"end":{"line":301,"column":6521}},"27":{"start":{"line":306,"column":8},"end":{"line":306,"column":6641}},"28":{"start":{"line":310,"column":8},"end":{"line":310,"column":6726}},"29":{"start":{"line":315,"column":8},"end":{"line":315,"column":6855}},"30":{"start":{"line":322,"column":8},"end":{"line":322,"column":7010}},"31":{"start":{"line":336,"column":8},"end":{"line":336,"column":7289}},"32":{"start":{"line":341,"column":8},"end":{"line":341,"column":7409}},"33":{"start":{"line":345,"column":8},"end":{"line":345,"column":7494}},"34":{"start":{"line":349,"column":8},"end":{"line":349,"column":7562}},"35":{"start":{"line":356,"column":8},"end":{"line":356,"column":7718}},"36":{"start":{"line":370,"column":8},"end":{"line":370,"column":8023}},"37":{"start":{"line":385,"column":8},"end":{"line":385,"column":8343}},"38":{"start":{"line":411,"column":8},"end":{"line":411,"column":9148}},"39":{"start":{"line":420,"column":8},"end":{"line":420,"column":9364}}},"branchMap":{"1":{"line":90,"type":"if","locations":[{"start":{"line":90,"column":8},"end":{"line":90,"column":8}},{"start":{"line":90,"column":8},"end":{"line":90,"column":8}}]},"2":{"line":286,"type":"if","locations":[{"start":{"line":286,"column":8},"end":{"line":286,"column":8}},{"start":{"line":286,"column":8},"end":{"line":286,"column":8}}]},"3":{"line":301,"type":"if","locations":[{"start":{"line":301,"column":8},"end":{"line":301,"column":8}},{"start":{"line":301,"column":8},"end":{"line":301,"column":8}}]},"4":{"line":336,"type":"if","locations":[{"start":{"line":336,"column":8},"end":{"line":336,"column":8}},{"start":{"line":336,"column":8},"end":{"line":336,"column":8}}]},"5":{"line":420,"type":"if","locations":[{"start":{"line":420,"column":8},"end":{"line":420,"column":8}},{"start":{"line":420,"column":8},"end":{"line":420,"column":8}}]}}},"contracts/LiquidFactoryV2.sol":{"l":{"47":0,"51":0,"58":0,"59":0,"60":0,"69":0,"79":0,"88":0,"95":0,"104":0,"110":0,"114":0,"136":0,"153":0,"159":0,"163":0,"185":0,"195":0,"196":0,"204":0,"221":0,"227":0,"232":0,"242":0,"243":0,"251":0,"263":0,"278":0,"284":0},"path":"/home/dak/Desktop/Wise/contract_repos/liquid-nfts/liquid-nft-contracts/contracts/LiquidFactoryV2.sol","s":{"1":0,"2":0,"3":0,"4":0,"5":0,"6":0,"7":0,"8":0,"9":0,"10":0,"11":0,"12":0,"13":0,"14":0,"15":0,"16":0,"17":0,"18":0,"19":0,"20":0,"21":0,"22":0,"23":0,"24":0,"25":0},"b":{"1":[0,0],"2":[0,0]},"f":{"1":0,"2":0,"3":0,"4":0,"5":0,"6":0,"7":0,"8":0,"9":0,"10":0,"11":0},"fnMap":{"1":{"name":"onlyMaster","line":46,"loc":{"start":{"line":46,"column":4},"end":{"line":52,"column":4}}},"2":{"name":"constructor","line":54,"loc":{"start":{"line":54,"column":4},"end":{"line":61,"column":4}}},"3":{"name":"updateDefaultTarget","line":67,"loc":{"start":{"line":63,"column":4},"end":{"line":70,"column":4}}},"4":{"name":"updateImplementation","line":77,"loc":{"start":{"line":72,"column":4},"end":{"line":80,"column":4}}},"5":{"name":"updateMaster","line":86,"loc":{"start":{"line":82,"column":4},"end":{"line":89,"column":4}}},"6":{"name":"revokeMaster","line":93,"loc":{"start":{"line":91,"column":4},"end":{"line":96,"column":4}}},"7":{"name":"createEmptyLocker","line":98,"loc":{"start":{"line":98,"column":4},"end":{"line":139,"column":4}}},"8":{"name":"createLiquidLocker","line":141,"loc":{"start":{"line":141,"column":4},"end":{"line":207,"column":4}}},"9":{"name":"reuseLiquidLocker","line":209,"loc":{"start":{"line":209,"column":3},"end":{"line":254,"column":4}}},"10":{"name":"getImplementation","line":256,"loc":{"start":{"line":256,"column":4},"end":{"line":267,"column":4}}},"11":{"name":"predictLockerAddrss","line":269,"loc":{"start":{"line":269,"column":4},"end":{"line":294,"column":4}}}},"statementMap":{"1":{"start":{"line":47,"column":8},"end":{"line":47,"column":906}},"2":{"start":{"line":58,"column":8},"end":{"line":58,"column":37}},"3":{"start":{"line":59,"column":8},"end":{"line":59,"column":54}},"4":{"start":{"line":60,"column":8},"end":{"line":60,"column":33}},"5":{"start":{"line":69,"column":8},"end":{"line":69,"column":40}},"6":{"start":{"line":79,"column":8},"end":{"line":79,"column":54}},"7":{"start":{"line":88,"column":8},"end":{"line":88,"column":33}},"8":{"start":{"line":95,"column":8},"end":{"line":95,"column":35}},"9":{"start":{"line":104,"column":8},"end":{"line":104,"column":2031}},"10":{"start":{"line":110,"column":8},"end":{"line":110,"column":2151}},"11":{"start":{"line":136,"column":8},"end":{"line":136,"column":2765}},"12":{"start":{"line":153,"column":8},"end":{"line":153,"column":3155}},"13":{"start":{"line":159,"column":8},"end":{"line":159,"column":3275}},"14":{"start":{"line":185,"column":8},"end":{"line":185,"column":3888}},"15":{"start":{"line":195,"column":8},"end":{"line":195,"column":4125}},"16":{"start":{"line":196,"column":12},"end":{"line":196,"column":4189}},"17":{"start":{"line":204,"column":8},"end":{"line":204,"column":4356}},"18":{"start":{"line":221,"column":8},"end":{"line":221,"column":4730}},"19":{"start":{"line":227,"column":8},"end":{"line":227,"column":4892}},"20":{"start":{"line":232,"column":8},"end":{"line":232,"column":5049}},"21":{"start":{"line":242,"column":8},"end":{"line":242,"column":5286}},"22":{"start":{"line":243,"column":12},"end":{"line":243,"column":5350}},"23":{"start":{"line":251,"column":8},"end":{"line":251,"column":5517}},"24":{"start":{"line":263,"column":8},"end":{"line":263,"column":5769}},"25":{"start":{"line":278,"column":8},"end":{"line":278,"column":6092}}},"branchMap":{"1":{"line":47,"type":"if","locations":[{"start":{"line":47,"column":8},"end":{"line":47,"column":8}},{"start":{"line":47,"column":8},"end":{"line":47,"column":8}}]},"2":{"line":227,"type":"if","locations":[{"start":{"line":227,"column":8},"end":{"line":227,"column":8}},{"start":{"line":227,"column":8},"end":{"line":227,"column":8}}]}}},"contracts/LiquidHelper.sol":{"l":{"30":0,"38":0,"48":0,"61":0,"71":0,"83":0,"91":0,"99":0,"107":0,"119":0,"125":0,"131":0,"140":0,"149":0,"158":0,"169":0,"177":0,"195":0,"204":0},"path":"/home/dak/Desktop/Wise/contract_repos/liquid-nfts/liquid-nft-contracts/contracts/LiquidHelper.sol","s":{"1":0,"2":0,"3":0,"4":0,"5":0,"6":0,"7":0,"8":0,"9":0,"10":0,"11":0,"12":0,"13":0,"14":0,"15":0,"16":0,"17":0},"b":{"1":[0,0],"2":[0,0]},"f":{"1":0,"2":0,"3":0,"4":0,"5":0,"6":0,"7":0,"8":0,"9":0,"10":0,"11":0,"12":0,"13":0,"14":0,"15":0,"16":0,"17":0},"fnMap":{"1":{"name":"ownerlessLocker","line":25,"loc":{"start":{"line":25,"column":4},"end":{"line":31,"column":4}}},"2":{"name":"floorNotReached","line":33,"loc":{"start":{"line":33,"column":4},"end":{"line":39,"column":4}}},"3":{"name":"notSingleProvider","line":41,"loc":{"start":{"line":41,"column":4},"end":{"line":51,"column":4}}},"4":{"name":"reachedTotal","line":53,"loc":{"start":{"line":53,"column":4},"end":{"line":64,"column":4}}},"5":{"name":"missedDeadline","line":66,"loc":{"start":{"line":66,"column":4},"end":{"line":76,"column":4}}},"6":{"name":"belowFloorAsked","line":78,"loc":{"start":{"line":78,"column":4},"end":{"line":84,"column":4}}},"7":{"name":"paymentTimeNotSet","line":86,"loc":{"start":{"line":86,"column":4},"end":{"line":92,"column":4}}},"8":{"name":"contributionPhase","line":94,"loc":{"start":{"line":94,"column":4},"end":{"line":100,"column":4}}},"9":{"name":"liquidateTo","line":102,"loc":{"start":{"line":102,"column":4},"end":{"line":110,"column":4}}},"10":{"name":"timeSince","line":112,"loc":{"start":{"line":112,"column":4},"end":{"line":120,"column":4}}},"11":{"name":"_revokeOwner","line":122,"loc":{"start":{"line":122,"column":4},"end":{"line":126,"column":4}}},"12":{"name":"_revokeDueTime","line":128,"loc":{"start":{"line":128,"column":4},"end":{"line":132,"column":4}}},"13":{"name":"_increaseContributions","line":134,"loc":{"start":{"line":134,"column":4},"end":{"line":142,"column":4}}},"14":{"name":"_increaseTotalCollected","line":144,"loc":{"start":{"line":144,"column":4},"end":{"line":151,"column":4}}},"15":{"name":"_decreaseTotalCollected","line":153,"loc":{"start":{"line":153,"column":4},"end":{"line":160,"column":4}}},"16":{"name":"_safeTransfer","line":162,"loc":{"start":{"line":162,"column":4},"end":{"line":185,"column":4}}},"17":{"name":"_safeTransferFrom","line":187,"loc":{"start":{"line":187,"column":4},"end":{"line":212,"column":4}}}},"statementMap":{"1":{"start":{"line":30,"column":8},"end":{"line":30,"column":50}},"2":{"start":{"line":38,"column":8},"end":{"line":38,"column":72}},"3":{"start":{"line":48,"column":8},"end":{"line":48,"column":941}},"4":{"start":{"line":83,"column":8},"end":{"line":83,"column":42}},"5":{"start":{"line":91,"column":8},"end":{"line":91,"column":31}},"6":{"start":{"line":99,"column":8},"end":{"line":99,"column":58}},"7":{"start":{"line":107,"column":8},"end":{"line":107,"column":2057}},"8":{"start":{"line":119,"column":8},"end":{"line":119,"column":43}},"9":{"start":{"line":125,"column":8},"end":{"line":125,"column":41}},"10":{"start":{"line":131,"column":8},"end":{"line":131,"column":22}},"11":{"start":{"line":140,"column":8},"end":{"line":140,"column":2703}},"12":{"start":{"line":149,"column":8},"end":{"line":149,"column":2897}},"13":{"start":{"line":158,"column":8},"end":{"line":158,"column":3070}},"14":{"start":{"line":169,"column":8},"end":{"line":169,"column":3239}},"15":{"start":{"line":177,"column":8},"end":{"line":177,"column":3427}},"16":{"start":{"line":195,"column":8},"end":{"line":195,"column":3798}},"17":{"start":{"line":204,"column":8},"end":{"line":204,"column":4014}}},"branchMap":{"1":{"line":177,"type":"if","locations":[{"start":{"line":177,"column":8},"end":{"line":177,"column":8}},{"start":{"line":177,"column":8},"end":{"line":177,"column":8}}]},"2":{"line":204,"type":"if","locations":[{"start":{"line":204,"column":8},"end":{"line":204,"column":8}},{"start":{"line":204,"column":8},"end":{"line":204,"column":8}}]}}},"contracts/LiquidLocker.sol":{"l":{"11":0,"15":0,"19":0,"24":0,"28":0,"32":0,"50":0,"55":0,"63":0,"64":0,"66":0,"67":0,"70":0,"76":0,"77":0,"78":0,"88":0,"93":0,"103":0,"108":0,"122":0,"127":0,"131":0,"137":0,"142":0,"155":0,"167":0,"178":0,"183":0,"186":0,"188":0,"199":0,"204":0,"209":0,"220":0,"221":0,"224":0,"230":0,"236":0,"244":0,"249":0,"250":0,"258":0,"266":0,"272":0,"274":0,"279":0,"289":0,"294":0,"305":0,"310":0,"315":0,"320":0,"322":0,"323":0,"331":0,"332":0,"333":0,"335":0,"338":0,"346":0,"347":0,"354":0,"359":0,"360":0,"368":0,"369":0,"380":0,"391":0,"405":0,"406":0,"418":0,"437":0,"453":0,"462":0,"467":0,"474":0,"479":0,"487":0,"491":0,"497":0,"504":0,"506":0,"512":0,"515":0,"521":0,"522":0,"524":0,"530":0,"534":0,"543":0,"546":0,"549":0,"560":0,"562":0},"path":"/home/dak/Desktop/Wise/contract_repos/liquid-nfts/liquid-nft-contracts/contracts/LiquidLocker.sol","s":{"1":0,"2":0,"3":0,"4":0,"5":0,"6":0,"7":0,"8":0,"9":0,"10":0,"11":0,"12":0,"13":0,"14":0,"15":0,"16":0,"17":0,"18":0,"19":0,"20":0,"21":0,"22":0,"23":0,"24":0,"25":0,"26":0,"27":0,"28":0,"29":0,"30":0,"31":0,"32":0,"33":0,"34":0,"35":0,"36":0,"37":0,"38":0,"39":0,"40":0,"41":0,"42":0,"43":0,"44":0,"45":0,"46":0,"47":0,"48":0,"49":0,"50":0,"51":0,"52":0,"53":0,"54":0,"55":0,"56":0,"57":0,"58":0,"59":0,"60":0,"61":0,"62":0,"63":0,"64":0,"65":0,"66":0,"67":0,"68":0,"69":0,"70":0,"71":0,"72":0,"73":0,"74":0,"75":0,"76":0,"77":0,"78":0,"79":0,"80":0,"81":0,"82":0,"83":0,"84":0,"85":0,"86":0,"87":0,"88":0,"89":0},"b":{"1":[0,0],"2":[0,0],"3":[0,0],"4":[0,0],"5":[0,0],"6":[0,0],"7":[0,0],"8":[0,0],"9":[0,0],"10":[0,0],"11":[0,0],"12":[0,0],"13":[0,0],"14":[0,0],"15":[0,0],"16":[0,0],"17":[0,0],"18":[0,0],"19":[0,0],"20":[0,0],"21":[0,0],"22":[0,0]},"f":{"1":0,"2":0,"3":0,"4":0,"5":0,"6":0,"7":0,"8":0,"9":0,"10":0,"11":0,"12":0,"13":0,"14":0,"15":0,"16":0,"17":0,"18":0,"19":0,"20":0,"21":0,"22":0,"23":0,"24":0,"25":0,"26":0,"27":0,"28":0,"29":0,"30":0},"fnMap":{"1":{"name":"onlyLockerOwner","line":10,"loc":{"start":{"line":10,"column":4},"end":{"line":16,"column":4}}},"2":{"name":"onlyDuringContributionPhase","line":18,"loc":{"start":{"line":18,"column":4},"end":{"line":25,"column":4}}},"3":{"name":"onlyAfterContributionPhase","line":27,"loc":{"start":{"line":27,"column":4},"end":{"line":33,"column":4}}},"4":{"name":"initialize","line":39,"loc":{"start":{"line":39,"column":4},"end":{"line":71,"column":4}}},"5":{"name":"_resetValues","line":73,"loc":{"start":{"line":73,"column":4},"end":{"line":79,"column":4}}},"6":{"name":"increasePaymentRate","line":86,"loc":{"start":{"line":81,"column":4},"end":{"line":94,"column":4}}},"7":{"name":"decreasePaymentTime","line":101,"loc":{"start":{"line":96,"column":4},"end":{"line":109,"column":4}}},"8":{"name":"makeContribution","line":116,"loc":{"start":{"line":111,"column":4},"end":{"line":145,"column":4}}},"9":{"name":"_usersIncrease","line":147,"loc":{"start":{"line":147,"column":4},"end":{"line":158,"column":4}}},"10":{"name":"_totalIncrease","line":160,"loc":{"start":{"line":160,"column":4},"end":{"line":170,"column":4}}},"11":{"name":"_reachedTotal","line":172,"loc":{"start":{"line":172,"column":4},"end":{"line":191,"column":4}}},"12":{"name":"enableLocker","line":197,"loc":{"start":{"line":193,"column":4},"end":{"line":238,"column":4}}},"13":{"name":"disableLocker","line":242,"loc":{"start":{"line":240,"column":4},"end":{"line":259,"column":4}}},"14":{"name":"refundDueDisabled","line":261,"loc":{"start":{"line":261,"column":4},"end":{"line":282,"column":4}}},"15":{"name":"refundDueSingle","line":284,"loc":{"start":{"line":284,"column":4},"end":{"line":298,"column":4}}},"16":{"name":"payBackFunds","line":300,"loc":{"start":{"line":300,"column":4},"end":{"line":349,"column":4}}},"17":{"name":"liquidateLocker","line":351,"loc":{"start":{"line":351,"column":4},"end":{"line":370,"column":4}}},"18":{"name":"penaltyAmount","line":372,"loc":{"start":{"line":372,"column":4},"end":{"line":384,"column":4}}},"19":{"name":"_penaltyAmount","line":386,"loc":{"start":{"line":386,"column":4},"end":{"line":395,"column":4}}},"20":{"name":"_getPenaltyAmount","line":397,"loc":{"start":{"line":397,"column":4},"end":{"line":411,"column":4}}},"21":{"name":"getLateDays","line":413,"loc":{"start":{"line":413,"column":4},"end":{"line":422,"column":4}}},"22":{"name":"calculatePaybacks","line":424,"loc":{"start":{"line":424,"column":4},"end":{"line":442,"column":4}}},"23":{"name":"calculateEpoch","line":444,"loc":{"start":{"line":444,"column":4},"end":{"line":456,"column":4}}},"24":{"name":"claimInterestSingle","line":460,"loc":{"start":{"line":458,"column":4},"end":{"line":468,"column":4}}},"25":{"name":"claimInterestPublic","line":472,"loc":{"start":{"line":470,"column":4},"end":{"line":480,"column":4}}},"26":{"name":"_claimInterest","line":482,"loc":{"start":{"line":482,"column":4},"end":{"line":499,"column":4}}},"27":{"name":"_claimPenalties","line":501,"loc":{"start":{"line":501,"column":4},"end":{"line":516,"column":4}}},"28":{"name":"_splitPenalties","line":518,"loc":{"start":{"line":518,"column":4},"end":{"line":535,"column":4}}},"29":{"name":"_adjustBalances","line":537,"loc":{"start":{"line":537,"column":4},"end":{"line":552,"column":4}}},"30":{"name":"_refundTokens","line":554,"loc":{"start":{"line":554,"column":4},"end":{"line":567,"column":4}}}},"statementMap":{"1":{"start":{"line":11,"column":8},"end":{"line":11,"column":227}},"2":{"start":{"line":19,"column":8},"end":{"line":19,"column":405}},"3":{"start":{"line":28,"column":8},"end":{"line":28,"column":621}},"4":{"start":{"line":50,"column":8},"end":{"line":50,"column":1092}},"5":{"start":{"line":55,"column":8},"end":{"line":55,"column":1209}},"6":{"start":{"line":63,"column":8},"end":{"line":63,"column":31}},"7":{"start":{"line":64,"column":8},"end":{"line":64,"column":31}},"8":{"start":{"line":66,"column":8},"end":{"line":66,"column":1505}},"9":{"start":{"line":67,"column":12},"end":{"line":67,"column":25}},"10":{"start":{"line":70,"column":8},"end":{"line":70,"column":37}},"11":{"start":{"line":76,"column":8},"end":{"line":76,"column":27}},"12":{"start":{"line":77,"column":8},"end":{"line":77,"column":27}},"13":{"start":{"line":78,"column":8},"end":{"line":78,"column":27}},"14":{"start":{"line":88,"column":8},"end":{"line":88,"column":1925}},"15":{"start":{"line":93,"column":8},"end":{"line":93,"column":43}},"16":{"start":{"line":103,"column":8},"end":{"line":103,"column":2257}},"17":{"start":{"line":108,"column":8},"end":{"line":108,"column":44}},"18":{"start":{"line":122,"column":8},"end":{"line":122,"column":2688}},"19":{"start":{"line":127,"column":8},"end":{"line":127,"column":2804}},"20":{"start":{"line":131,"column":8},"end":{"line":131,"column":2881}},"21":{"start":{"line":137,"column":8},"end":{"line":137,"column":3011}},"22":{"start":{"line":142,"column":8},"end":{"line":142,"column":3107}},"23":{"start":{"line":155,"column":8},"end":{"line":155,"column":3375}},"24":{"start":{"line":167,"column":8},"end":{"line":167,"column":3677}},"25":{"start":{"line":178,"column":8},"end":{"line":178,"column":3897}},"26":{"start":{"line":183,"column":8},"end":{"line":183,"column":4046}},"27":{"start":{"line":186,"column":8},"end":{"line":186,"column":36}},"28":{"start":{"line":188,"column":8},"end":{"line":188,"column":4131}},"29":{"start":{"line":199,"column":8},"end":{"line":199,"column":4312}},"30":{"start":{"line":204,"column":8},"end":{"line":204,"column":4421}},"31":{"start":{"line":209,"column":8},"end":{"line":209,"column":4535}},"32":{"start":{"line":220,"column":8},"end":{"line":220,"column":39}},"33":{"start":{"line":221,"column":8},"end":{"line":221,"column":4842}},"34":{"start":{"line":224,"column":8},"end":{"line":224,"column":4894}},"35":{"start":{"line":230,"column":8},"end":{"line":230,"column":5047}},"36":{"start":{"line":236,"column":8},"end":{"line":236,"column":5197}},"37":{"start":{"line":244,"column":8},"end":{"line":244,"column":5329}},"38":{"start":{"line":249,"column":8},"end":{"line":249,"column":5439}},"39":{"start":{"line":250,"column":12},"end":{"line":250,"column":5510}},"40":{"start":{"line":258,"column":8},"end":{"line":258,"column":21}},"41":{"start":{"line":266,"column":8},"end":{"line":266,"column":5818}},"42":{"start":{"line":272,"column":8},"end":{"line":272,"column":59}},"43":{"start":{"line":274,"column":8},"end":{"line":274,"column":6032}},"44":{"start":{"line":279,"column":8},"end":{"line":279,"column":6119}},"45":{"start":{"line":289,"column":8},"end":{"line":289,"column":6284}},"46":{"start":{"line":294,"column":8},"end":{"line":294,"column":6411}},"47":{"start":{"line":305,"column":8},"end":{"line":305,"column":6609}},"48":{"start":{"line":310,"column":8},"end":{"line":310,"column":6714}},"49":{"start":{"line":315,"column":8},"end":{"line":315,"column":6830}},"50":{"start":{"line":320,"column":8},"end":{"line":320,"column":6924}},"51":{"start":{"line":322,"column":12},"end":{"line":322,"column":6970}},"52":{"start":{"line":323,"column":16},"end":{"line":323,"column":7045}},"53":{"start":{"line":331,"column":12},"end":{"line":331,"column":25}},"54":{"start":{"line":332,"column":12},"end":{"line":332,"column":27}},"55":{"start":{"line":333,"column":12},"end":{"line":333,"column":28}},"56":{"start":{"line":335,"column":12},"end":{"line":335,"column":18}},"57":{"start":{"line":338,"column":8},"end":{"line":338,"column":7371}},"58":{"start":{"line":346,"column":8},"end":{"line":346,"column":7590}},"59":{"start":{"line":347,"column":12},"end":{"line":347,"column":44}},"60":{"start":{"line":354,"column":8},"end":{"line":354,"column":7757}},"61":{"start":{"line":359,"column":8},"end":{"line":359,"column":7862}},"62":{"start":{"line":360,"column":12},"end":{"line":360,"column":7933}},"63":{"start":{"line":368,"column":8},"end":{"line":368,"column":23}},"64":{"start":{"line":369,"column":8},"end":{"line":369,"column":24}},"65":{"start":{"line":380,"column":8},"end":{"line":380,"column":8334}},"66":{"start":{"line":391,"column":8},"end":{"line":391,"column":8535}},"67":{"start":{"line":405,"column":8},"end":{"line":405,"column":35}},"68":{"start":{"line":462,"column":8},"end":{"line":462,"column":10216}},"69":{"start":{"line":467,"column":8},"end":{"line":467,"column":33}},"70":{"start":{"line":474,"column":8},"end":{"line":474,"column":10471}},"71":{"start":{"line":479,"column":8},"end":{"line":479,"column":33}},"72":{"start":{"line":487,"column":8},"end":{"line":487,"column":10746}},"73":{"start":{"line":491,"column":8},"end":{"line":491,"column":10847}},"74":{"start":{"line":497,"column":8},"end":{"line":497,"column":11032}},"75":{"start":{"line":504,"column":8},"end":{"line":504,"column":55}},"76":{"start":{"line":504,"column":49},"end":{"line":504,"column":55}},"77":{"start":{"line":506,"column":8},"end":{"line":506,"column":11201}},"78":{"start":{"line":512,"column":8},"end":{"line":512,"column":11356}},"79":{"start":{"line":515,"column":8},"end":{"line":515,"column":27}},"80":{"start":{"line":521,"column":8},"end":{"line":521,"column":46}},"81":{"start":{"line":522,"column":8},"end":{"line":522,"column":53}},"82":{"start":{"line":524,"column":8},"end":{"line":524,"column":11590}},"83":{"start":{"line":530,"column":8},"end":{"line":530,"column":11722}},"84":{"start":{"line":534,"column":8},"end":{"line":534,"column":27}},"85":{"start":{"line":543,"column":8},"end":{"line":543,"column":11982}},"86":{"start":{"line":546,"column":8},"end":{"line":546,"column":12057}},"87":{"start":{"line":549,"column":8},"end":{"line":549,"column":12132}},"88":{"start":{"line":560,"column":8},"end":{"line":560,"column":40}},"89":{"start":{"line":562,"column":8},"end":{"line":562,"column":12386}}},"branchMap":{"1":{"line":11,"type":"if","locations":[{"start":{"line":11,"column":8},"end":{"line":11,"column":8}},{"start":{"line":11,"column":8},"end":{"line":11,"column":8}}]},"2":{"line":19,"type":"if","locations":[{"start":{"line":19,"column":8},"end":{"line":19,"column":8}},{"start":{"line":19,"column":8},"end":{"line":19,"column":8}}]},"3":{"line":28,"type":"if","locations":[{"start":{"line":28,"column":8},"end":{"line":28,"column":8}},{"start":{"line":28,"column":8},"end":{"line":28,"column":8}}]},"4":{"line":50,"type":"if","locations":[{"start":{"line":50,"column":8},"end":{"line":50,"column":8}},{"start":{"line":50,"column":8},"end":{"line":50,"column":8}}]},"5":{"line":66,"type":"if","locations":[{"start":{"line":66,"column":8},"end":{"line":66,"column":8}},{"start":{"line":66,"column":8},"end":{"line":66,"column":8}}]},"6":{"line":88,"type":"if","locations":[{"start":{"line":88,"column":8},"end":{"line":88,"column":8}},{"start":{"line":88,"column":8},"end":{"line":88,"column":8}}]},"7":{"line":103,"type":"if","locations":[{"start":{"line":103,"column":8},"end":{"line":103,"column":8}},{"start":{"line":103,"column":8},"end":{"line":103,"column":8}}]},"8":{"line":122,"type":"if","locations":[{"start":{"line":122,"column":8},"end":{"line":122,"column":8}},{"start":{"line":122,"column":8},"end":{"line":122,"column":8}}]},"9":{"line":178,"type":"if","locations":[{"start":{"line":178,"column":8},"end":{"line":178,"column":8}},{"start":{"line":178,"column":8},"end":{"line":178,"column":8}}]},"10":{"line":199,"type":"if","locations":[{"start":{"line":199,"column":8},"end":{"line":199,"column":8}},{"start":{"line":199,"column":8},"end":{"line":199,"column":8}}]},"11":{"line":204,"type":"if","locations":[{"start":{"line":204,"column":8},"end":{"line":204,"column":8}},{"start":{"line":204,"column":8},"end":{"line":204,"column":8}}]},"12":{"line":244,"type":"if","locations":[{"start":{"line":244,"column":8},"end":{"line":244,"column":8}},{"start":{"line":244,"column":8},"end":{"line":244,"column":8}}]},"13":{"line":266,"type":"if","locations":[{"start":{"line":266,"column":8},"end":{"line":266,"column":8}},{"start":{"line":266,"column":8},"end":{"line":266,"column":8}}]},"14":{"line":289,"type":"if","locations":[{"start":{"line":289,"column":8},"end":{"line":289,"column":8}},{"start":{"line":289,"column":8},"end":{"line":289,"column":8}}]},"15":{"line":305,"type":"if","locations":[{"start":{"line":305,"column":8},"end":{"line":305,"column":8}},{"start":{"line":305,"column":8},"end":{"line":305,"column":8}}]},"16":{"line":310,"type":"if","locations":[{"start":{"line":310,"column":8},"end":{"line":310,"column":8}},{"start":{"line":310,"column":8},"end":{"line":310,"column":8}}]},"17":{"line":320,"type":"if","locations":[{"start":{"line":320,"column":8},"end":{"line":320,"column":8}},{"start":{"line":320,"column":8},"end":{"line":320,"column":8}}]},"18":{"line":346,"type":"if","locations":[{"start":{"line":346,"column":8},"end":{"line":346,"column":8}},{"start":{"line":346,"column":8},"end":{"line":346,"column":8}}]},"19":{"line":354,"type":"if","locations":[{"start":{"line":354,"column":8},"end":{"line":354,"column":8}},{"start":{"line":354,"column":8},"end":{"line":354,"column":8}}]},"20":{"line":462,"type":"if","locations":[{"start":{"line":462,"column":8},"end":{"line":462,"column":8}},{"start":{"line":462,"column":8},"end":{"line":462,"column":8}}]},"21":{"line":474,"type":"if","locations":[{"start":{"line":474,"column":8},"end":{"line":474,"column":8}},{"start":{"line":474,"column":8},"end":{"line":474,"column":8}}]},"22":{"line":504,"type":"if","locations":[{"start":{"line":504,"column":8},"end":{"line":504,"column":8}},{"start":{"line":504,"column":8},"end":{"line":504,"column":8}}]}}},"contracts/LiquidTransfer.sol":{"l":{"18":0,"20":0,"21":0,"27":0,"33":0,"41":0,"45":0,"59":0,"61":0,"62":0,"69":0,"74":0,"78":0,"83":0,"89":0,"94":0,"98":0,"103":0,"111":0,"119":0,"123":0,"145":0,"152":0},"path":"/home/dak/Desktop/Wise/contract_repos/liquid-nfts/liquid-nft-contracts/contracts/LiquidTransfer.sol","s":{"1":0,"2":0,"3":0,"4":0,"5":0,"6":0,"7":0,"8":0,"9":0,"10":0,"11":0,"12":0,"13":0,"14":0,"15":0,"16":0,"17":0,"18":0,"19":0,"20":0,"21":0,"22":0,"23":0,"24":0,"25":0},"b":{"1":[0,0],"2":[0,0],"3":[0,0],"4":[0,0],"5":[0,0],"6":[0,0],"7":[0,0],"8":[0,0]},"f":{"1":0,"2":0,"3":0},"fnMap":{"1":{"name":"_transferNFT","line":10,"loc":{"start":{"line":10,"column":4},"end":{"line":49,"column":4}}},"2":{"name":"_transferFromNFT","line":51,"loc":{"start":{"line":51,"column":4},"end":{"line":127,"column":4}}},"3":{"name":"onERC721Received","line":136,"loc":{"start":{"line":136,"column":4},"end":{"line":153,"column":4}}}},"statementMap":{"1":{"start":{"line":18,"column":8},"end":{"line":18,"column":25}},"2":{"start":{"line":20,"column":8},"end":{"line":20,"column":493}},"3":{"start":{"line":21,"column":12},"end":{"line":21,"column":541}},"4":{"start":{"line":26,"column":15},"end":{"line":26,"column":690}},"5":{"start":{"line":27,"column":12},"end":{"line":27,"column":736}},"6":{"start":{"line":33,"column":12},"end":{"line":33,"column":907}},"7":{"start":{"line":41,"column":8},"end":{"line":41,"column":1100}},"8":{"start":{"line":45,"column":8},"end":{"line":45,"column":1183}},"9":{"start":{"line":59,"column":8},"end":{"line":59,"column":25}},"10":{"start":{"line":61,"column":8},"end":{"line":61,"column":1469}},"11":{"start":{"line":62,"column":12},"end":{"line":62,"column":1517}},"12":{"start":{"line":68,"column":15},"end":{"line":68,"column":1701}},"13":{"start":{"line":69,"column":12},"end":{"line":69,"column":1748}},"14":{"start":{"line":74,"column":12},"end":{"line":74,"column":1907}},"15":{"start":{"line":78,"column":12},"end":{"line":78,"column":2048}},"16":{"start":{"line":83,"column":12},"end":{"line":83,"column":2155}},"17":{"start":{"line":89,"column":12},"end":{"line":89,"column":2294}},"18":{"start":{"line":94,"column":12},"end":{"line":94,"column":2431}},"19":{"start":{"line":98,"column":12},"end":{"line":98,"column":2559}},"20":{"start":{"line":103,"column":12},"end":{"line":103,"column":2662}},"21":{"start":{"line":111,"column":12},"end":{"line":111,"column":2835}},"22":{"start":{"line":119,"column":8},"end":{"line":119,"column":3028}},"23":{"start":{"line":123,"column":8},"end":{"line":123,"column":3135}},"24":{"start":{"line":145,"column":8},"end":{"line":145,"column":3539}},"25":{"start":{"line":152,"column":8},"end":{"line":152,"column":45}}},"branchMap":{"1":{"line":20,"type":"if","locations":[{"start":{"line":20,"column":8},"end":{"line":20,"column":8}},{"start":{"line":20,"column":8},"end":{"line":20,"column":8}}]},"2":{"line":26,"type":"if","locations":[{"start":{"line":26,"column":15},"end":{"line":26,"column":15}},{"start":{"line":26,"column":15},"end":{"line":26,"column":15}}]},"3":{"line":45,"type":"if","locations":[{"start":{"line":45,"column":8},"end":{"line":45,"column":8}},{"start":{"line":45,"column":8},"end":{"line":45,"column":8}}]},"4":{"line":61,"type":"if","locations":[{"start":{"line":61,"column":8},"end":{"line":61,"column":8}},{"start":{"line":61,"column":8},"end":{"line":61,"column":8}}]},"5":{"line":68,"type":"if","locations":[{"start":{"line":68,"column":15},"end":{"line":68,"column":15}},{"start":{"line":68,"column":15},"end":{"line":68,"column":15}}]},"6":{"line":83,"type":"if","locations":[{"start":{"line":83,"column":12},"end":{"line":83,"column":12}},{"start":{"line":83,"column":12},"end":{"line":83,"column":12}}]},"7":{"line":98,"type":"if","locations":[{"start":{"line":98,"column":12},"end":{"line":98,"column":12}},{"start":{"line":98,"column":12},"end":{"line":98,"column":12}}]},"8":{"line":123,"type":"if","locations":[{"start":{"line":123,"column":8},"end":{"line":123,"column":8}},{"start":{"line":123,"column":8},"end":{"line":123,"column":8}}]}}},"contracts/NFT1155.sol":{"l":{"26":0,"29":0,"33":0,"47":0},"path":"/home/dak/Desktop/Wise/contract_repos/liquid-nfts/liquid-nft-contracts/contracts/NFT1155.sol","s":{"1":0,"2":0,"3":0,"4":0},"b":{},"f":{"1":0,"2":0,"3":0},"fnMap":{"1":{"name":"constructor","line":16,"loc":{"start":{"line":13,"column":4},"end":{"line":19,"column":4}}},"2":{"name":"mint","line":21,"loc":{"start":{"line":21,"column":4},"end":{"line":39,"column":4}}},"3":{"name":"burn","line":41,"loc":{"start":{"line":41,"column":4},"end":{"line":52,"column":4}}}},"statementMap":{"1":{"start":{"line":26,"column":8},"end":{"line":26,"column":429}},"2":{"start":{"line":29,"column":8},"end":{"line":29,"column":459}},"3":{"start":{"line":33,"column":8},"end":{"line":33,"column":526}},"4":{"start":{"line":47,"column":8},"end":{"line":47,"column":748}}},"branchMap":{}},"contracts/NFT721.sol":{"l":{"25":0,"28":0,"32":0,"43":0},"path":"/home/dak/Desktop/Wise/contract_repos/liquid-nfts/liquid-nft-contracts/contracts/NFT721.sol","s":{"1":0,"2":0,"3":0,"4":0},"b":{},"f":{"1":0,"2":0,"3":0},"fnMap":{"1":{"name":"constructor","line":17,"loc":{"start":{"line":13,"column":4},"end":{"line":20,"column":4}}},"2":{"name":"mint","line":22,"loc":{"start":{"line":22,"column":4},"end":{"line":36,"column":4}}},"3":{"name":"burn","line":38,"loc":{"start":{"line":38,"column":4},"end":{"line":46,"column":4}}}},"statementMap":{"1":{"start":{"line":25,"column":8},"end":{"line":25,"column":410}},"2":{"start":{"line":28,"column":8},"end":{"line":28,"column":440}},"3":{"start":{"line":32,"column":8},"end":{"line":32,"column":507}},"4":{"start":{"line":43,"column":8},"end":{"line":43,"column":661}}},"branchMap":{}},"contracts/Token.sol":{"l":{"38":0,"39":0,"40":0,"48":0,"56":0,"64":0,"72":0,"82":0,"92":0,"98":0,"109":0,"119":0,"125":0,"136":0,"142":0,"148":0,"162":0,"167":0,"184":0,"191":0,"197":0,"211":0,"214":0,"217":0,"229":0,"232":0,"237":0,"250":0,"253":0,"258":0,"272":0,"274":0},"path":"/home/dak/Desktop/Wise/contract_repos/liquid-nfts/liquid-nft-contracts/contracts/Token.sol","s":{"1":0,"2":0,"3":0,"4":0,"5":0,"6":0,"7":0,"8":0,"9":0,"10":0,"11":0,"12":0,"13":0,"14":0,"15":0,"16":0,"17":0,"18":0,"19":0,"20":0,"21":0,"22":0,"23":0,"24":0,"25":0,"26":0,"27":0,"28":0,"29":0,"30":0},"b":{"1":[0,0],"2":[0,0]},"f":{"1":0,"2":0,"3":0,"4":0,"5":0,"6":0,"7":0,"8":0,"9":0,"10":0,"11":0,"12":0,"13":0,"14":0,"15":0},"fnMap":{"1":{"name":"constructor","line":34,"loc":{"start":{"line":34,"column":4},"end":{"line":41,"column":4}}},"2":{"name":"name","line":43,"loc":{"start":{"line":43,"column":4},"end":{"line":49,"column":4}}},"3":{"name":"symbol","line":51,"loc":{"start":{"line":51,"column":4},"end":{"line":57,"column":4}}},"4":{"name":"decimals","line":59,"loc":{"start":{"line":59,"column":4},"end":{"line":65,"column":4}}},"5":{"name":"totalSupply","line":67,"loc":{"start":{"line":67,"column":4},"end":{"line":73,"column":4}}},"6":{"name":"balanceOf","line":75,"loc":{"start":{"line":75,"column":4},"end":{"line":83,"column":4}}},"7":{"name":"transfer","line":85,"loc":{"start":{"line":85,"column":4},"end":{"line":99,"column":4}}},"8":{"name":"allowance","line":101,"loc":{"start":{"line":101,"column":4},"end":{"line":110,"column":4}}},"9":{"name":"approve","line":112,"loc":{"start":{"line":112,"column":4},"end":{"line":126,"column":4}}},"10":{"name":"transferFrom","line":128,"loc":{"start":{"line":128,"column":4},"end":{"line":149,"column":4}}},"11":{"name":"permit","line":151,"loc":{"start":{"line":151,"column":4},"end":{"line":202,"column":4}}},"12":{"name":"_transfer","line":204,"loc":{"start":{"line":204,"column":4},"end":{"line":222,"column":4}}},"13":{"name":"mint","line":224,"loc":{"start":{"line":224,"column":4},"end":{"line":242,"column":4}}},"14":{"name":"_burn","line":244,"loc":{"start":{"line":244,"column":4},"end":{"line":263,"column":4}}},"15":{"name":"_approve","line":265,"loc":{"start":{"line":265,"column":4},"end":{"line":279,"column":4}}}},"statementMap":{"1":{"start":{"line":38,"column":8},"end":{"line":38,"column":25}},"2":{"start":{"line":39,"column":8},"end":{"line":39,"column":29}},"3":{"start":{"line":40,"column":8},"end":{"line":40,"column":21}},"4":{"start":{"line":48,"column":8},"end":{"line":48,"column":20}},"5":{"start":{"line":56,"column":8},"end":{"line":56,"column":22}},"6":{"start":{"line":64,"column":8},"end":{"line":64,"column":24}},"7":{"start":{"line":72,"column":8},"end":{"line":72,"column":27}},"8":{"start":{"line":82,"column":8},"end":{"line":82,"column":34}},"9":{"start":{"line":92,"column":8},"end":{"line":92,"column":1750}},"10":{"start":{"line":98,"column":8},"end":{"line":98,"column":19}},"11":{"start":{"line":109,"column":8},"end":{"line":109,"column":44}},"12":{"start":{"line":119,"column":8},"end":{"line":119,"column":2195}},"13":{"start":{"line":125,"column":8},"end":{"line":125,"column":19}},"14":{"start":{"line":136,"column":8},"end":{"line":136,"column":2473}},"15":{"start":{"line":142,"column":8},"end":{"line":142,"column":2603}},"16":{"start":{"line":148,"column":8},"end":{"line":148,"column":19}},"17":{"start":{"line":162,"column":8},"end":{"line":162,"column":2935}},"18":{"start":{"line":167,"column":8},"end":{"line":167,"column":3048}},"19":{"start":{"line":184,"column":8},"end":{"line":184,"column":3516}},"20":{"start":{"line":191,"column":8},"end":{"line":191,"column":3640}},"21":{"start":{"line":197,"column":8},"end":{"line":197,"column":3787}},"22":{"start":{"line":211,"column":8},"end":{"line":211,"column":4041}},"23":{"start":{"line":214,"column":8},"end":{"line":214,"column":4112}},"24":{"start":{"line":217,"column":8},"end":{"line":217,"column":4157}},"25":{"start":{"line":229,"column":8},"end":{"line":229,"column":4353}},"26":{"start":{"line":237,"column":8},"end":{"line":237,"column":4501}},"27":{"start":{"line":250,"column":8},"end":{"line":250,"column":4736}},"28":{"start":{"line":258,"column":8},"end":{"line":258,"column":4873}},"29":{"start":{"line":272,"column":8},"end":{"line":272,"column":46}},"30":{"start":{"line":274,"column":8},"end":{"line":274,"column":5156}}},"branchMap":{"1":{"line":162,"type":"if","locations":[{"start":{"line":162,"column":8},"end":{"line":162,"column":8}},{"start":{"line":162,"column":8},"end":{"line":162,"column":8}}]},"2":{"line":191,"type":"if","locations":[{"start":{"line":191,"column":8},"end":{"line":191,"column":8}},{"start":{"line":191,"column":8},"end":{"line":191,"column":8}}]}}}}