{"contracts/LiquidBase.sol":{"l":{},"path":"/Users/vm06007/Development/liquidnfts-audit-scope/contracts/LiquidBase.sol","s":{},"b":{},"f":{},"fnMap":{},"statementMap":{},"branchMap":{}},"contracts/LiquidFactory.sol":{"l":{"107":0,"111":0,"121":0,"122":0,"123":0,"135":0,"150":0,"162":0,"172":0,"192":0,"194":0,"198":0,"208":0,"209":0,"217":0,"234":0,"238":0,"275":0,"279":0,"284":0,"291":0,"311":0,"315":0,"319":0,"326":0,"343":0,"347":0,"352":0,"359":0,"376":0,"392":0,"401":0},"path":"/Users/vm06007/Development/liquidnfts-audit-scope/contracts/LiquidFactory.sol","s":{"1":0,"2":0,"3":0,"4":0,"5":0,"6":0,"7":0,"8":0,"9":0,"10":0,"11":0,"12":0,"13":0,"14":0,"15":0,"16":0,"17":0,"18":0,"19":0,"20":0,"21":0},"b":{"1":[0,0],"2":[0,0],"3":[0,0],"4":[0,0],"5":[0,0],"6":[0,0],"7":[0,0],"8":[0,0],"9":[0,0]},"f":{"1":0,"2":0,"3":0,"4":0,"5":0,"6":0,"7":0,"8":0,"9":0,"10":0,"11":0,"12":0,"13":0},"fnMap":{"1":{"name":"onlyMaster","line":106,"loc":{"start":{"line":106,"column":4},"end":{"line":112,"column":4}}},"2":{"name":"constructor","line":117,"loc":{"start":{"line":117,"column":4},"end":{"line":124,"column":4}}},"3":{"name":"updateDefaultTarget","line":133,"loc":{"start":{"line":129,"column":4},"end":{"line":136,"column":4}}},"4":{"name":"updateImplementation","line":148,"loc":{"start":{"line":143,"column":4},"end":{"line":151,"column":4}}},"5":{"name":"updateMaster","line":160,"loc":{"start":{"line":156,"column":4},"end":{"line":163,"column":4}}},"6":{"name":"revokeMaster","line":170,"loc":{"start":{"line":168,"column":4},"end":{"line":173,"column":4}}},"7":{"name":"createLiquidLocker","line":180,"loc":{"start":{"line":180,"column":4},"end":{"line":222,"column":4}}},"8":{"name":"_generateLocker","line":228,"loc":{"start":{"line":228,"column":4},"end":{"line":259,"column":4}}},"9":{"name":"contributeToLocker","line":265,"loc":{"start":{"line":265,"column":4},"end":{"line":297,"column":4}}},"10":{"name":"donateToLocker","line":305,"loc":{"start":{"line":305,"column":4},"end":{"line":331,"column":4}}},"11":{"name":"paybackToLocker","line":337,"loc":{"start":{"line":337,"column":4},"end":{"line":364,"column":4}}},"12":{"name":"getImplementation","line":369,"loc":{"start":{"line":369,"column":4},"end":{"line":379,"column":4}}},"13":{"name":"_safeTransferFrom","line":384,"loc":{"start":{"line":384,"column":4},"end":{"line":409,"column":4}}}},"statementMap":{"1":{"start":{"line":107,"column":8},"end":{"line":107,"column":2758}},"2":{"start":{"line":192,"column":8},"end":{"line":192,"column":59}},"3":{"start":{"line":192,"column":37},"end":{"line":192,"column":58}},"4":{"start":{"line":198,"column":8},"end":{"line":198,"column":4987}},"5":{"start":{"line":208,"column":8},"end":{"line":208,"column":5236}},"6":{"start":{"line":209,"column":12},"end":{"line":209,"column":5300}},"7":{"start":{"line":217,"column":8},"end":{"line":217,"column":5467}},"8":{"start":{"line":234,"column":8},"end":{"line":234,"column":5893}},"9":{"start":{"line":275,"column":8},"end":{"line":275,"column":6936}},"10":{"start":{"line":284,"column":8},"end":{"line":284,"column":7150}},"11":{"start":{"line":291,"column":8},"end":{"line":291,"column":7305}},"12":{"start":{"line":311,"column":8},"end":{"line":311,"column":7922}},"13":{"start":{"line":315,"column":8},"end":{"line":315,"column":8007}},"14":{"start":{"line":319,"column":8},"end":{"line":319,"column":8075}},"15":{"start":{"line":326,"column":8},"end":{"line":326,"column":8232}},"16":{"start":{"line":343,"column":8},"end":{"line":343,"column":8687}},"17":{"start":{"line":347,"column":8},"end":{"line":347,"column":8772}},"18":{"start":{"line":352,"column":8},"end":{"line":352,"column":8864}},"19":{"start":{"line":359,"column":8},"end":{"line":359,"column":9020}},"20":{"start":{"line":392,"column":8},"end":{"line":392,"column":9814}},"21":{"start":{"line":401,"column":8},"end":{"line":401,"column":10030}}},"branchMap":{"1":{"line":107,"type":"if","locations":[{"start":{"line":107,"column":8},"end":{"line":107,"column":8}},{"start":{"line":107,"column":8},"end":{"line":107,"column":8}}]},"2":{"line":133,"type":"if","locations":[{"start":{"line":133,"column":8},"end":{"line":133,"column":8}},{"start":{"line":133,"column":8},"end":{"line":133,"column":8}}]},"3":{"line":148,"type":"if","locations":[{"start":{"line":148,"column":8},"end":{"line":148,"column":8}},{"start":{"line":148,"column":8},"end":{"line":148,"column":8}}]},"4":{"line":160,"type":"if","locations":[{"start":{"line":160,"column":8},"end":{"line":160,"column":8}},{"start":{"line":160,"column":8},"end":{"line":160,"column":8}}]},"5":{"line":170,"type":"if","locations":[{"start":{"line":170,"column":8},"end":{"line":170,"column":8}},{"start":{"line":170,"column":8},"end":{"line":170,"column":8}}]},"6":{"line":192,"type":"if","locations":[{"start":{"line":192,"column":8},"end":{"line":192,"column":8}},{"start":{"line":192,"column":8},"end":{"line":192,"column":8}}]},"7":{"line":377,"type":"if","locations":[{"start":{"line":377,"column":14},"end":{"line":377,"column":26}},{"start":{"line":378,"column":14},"end":{"line":378,"column":43}}]},"8":{"line":401,"type":"if","locations":[{"start":{"line":401,"column":8},"end":{"line":401,"column":8}},{"start":{"line":401,"column":8},"end":{"line":401,"column":8}}]},"9":{"line":403,"type":"cond-expr","locations":[{"start":{"line":403,"column":16},"end":{"line":403,"column":31}},{"start":{"line":403,"column":36},"end":{"line":405,"column":16}}]}}},"contracts/LiquidHelper.sol":{"l":{"39":0,"50":0,"63":0,"64":0,"80":0,"91":0,"104":0,"108":0,"121":0,"132":0,"143":0,"154":0,"165":0,"176":0,"189":0,"202":0,"211":0,"223":0,"235":0,"247":0,"261":0,"264":0,"267":0,"281":0,"289":0,"310":0,"319":0},"path":"/Users/vm06007/Development/liquidnfts-audit-scope/contracts/LiquidHelper.sol","s":{"1":0,"2":0,"3":0,"4":0,"5":0,"6":0,"7":0,"8":0,"9":0,"10":0,"11":0,"12":0,"13":0,"14":0,"15":0,"16":0,"17":0,"18":0,"19":0,"20":0,"21":0},"b":{"1":[0,0],"2":[0,0],"3":[0,0],"4":[0,0],"5":[0,0],"6":[0,0],"7":[0,0]},"f":{"1":0,"2":0,"3":0,"4":0,"5":0,"6":0,"7":0,"8":0,"9":0,"10":0,"11":0,"12":0,"13":0,"14":0,"15":0,"16":0,"17":0,"18":0,"19":0,"20":0,"21":0},"fnMap":{"1":{"name":"getTokens","line":34,"loc":{"start":{"line":34,"column":4},"end":{"line":40,"column":4}}},"2":{"name":"floorNotReached","line":45,"loc":{"start":{"line":45,"column":4},"end":{"line":51,"column":4}}},"3":{"name":"notSingleProvider","line":56,"loc":{"start":{"line":56,"column":4},"end":{"line":67,"column":4}}},"4":{"name":"reachedTotal","line":72,"loc":{"start":{"line":72,"column":4},"end":{"line":81,"column":4}}},"5":{"name":"missedActivate","line":86,"loc":{"start":{"line":86,"column":4},"end":{"line":94,"column":4}}},"6":{"name":"missedDeadline","line":99,"loc":{"start":{"line":99,"column":4},"end":{"line":111,"column":4}}},"7":{"name":"belowFloorAsked","line":116,"loc":{"start":{"line":116,"column":4},"end":{"line":122,"column":4}}},"8":{"name":"paymentTimeNotSet","line":127,"loc":{"start":{"line":127,"column":4},"end":{"line":133,"column":4}}},"9":{"name":"contributionPhase","line":138,"loc":{"start":{"line":138,"column":4},"end":{"line":144,"column":4}}},"10":{"name":"paybackTimestamp","line":149,"loc":{"start":{"line":149,"column":4},"end":{"line":155,"column":4}}},"11":{"name":"startingTimestamp","line":160,"loc":{"start":{"line":160,"column":4},"end":{"line":166,"column":4}}},"12":{"name":"liquidateTo","line":171,"loc":{"start":{"line":171,"column":4},"end":{"line":179,"column":4}}},"13":{"name":"ownerlessLocker","line":184,"loc":{"start":{"line":184,"column":4},"end":{"line":190,"column":4}}},"14":{"name":"timeSince","line":195,"loc":{"start":{"line":195,"column":4},"end":{"line":203,"column":4}}},"15":{"name":"_revokeDueTime","line":208,"loc":{"start":{"line":208,"column":4},"end":{"line":212,"column":4}}},"16":{"name":"_increaseContributions","line":217,"loc":{"start":{"line":217,"column":4},"end":{"line":225,"column":4}}},"17":{"name":"_increaseTotalCollected","line":230,"loc":{"start":{"line":230,"column":4},"end":{"line":237,"column":4}}},"18":{"name":"_decreaseTotalCollected","line":242,"loc":{"start":{"line":242,"column":4},"end":{"line":249,"column":4}}},"19":{"name":"_adjustBalances","line":255,"loc":{"start":{"line":255,"column":4},"end":{"line":269,"column":4}}},"20":{"name":"_safeTransfer","line":274,"loc":{"start":{"line":274,"column":4},"end":{"line":297,"column":4}}},"21":{"name":"_safeTransferFrom","line":302,"loc":{"start":{"line":302,"column":4},"end":{"line":327,"column":4}}}},"statementMap":{"1":{"start":{"line":39,"column":8},"end":{"line":39,"column":30}},"2":{"start":{"line":50,"column":8},"end":{"line":50,"column":72}},"3":{"start":{"line":63,"column":8},"end":{"line":63,"column":41}},"4":{"start":{"line":64,"column":8},"end":{"line":64,"column":1305}},"5":{"start":{"line":80,"column":8},"end":{"line":80,"column":71}},"6":{"start":{"line":91,"column":8},"end":{"line":91,"column":1982}},"7":{"start":{"line":104,"column":8},"end":{"line":104,"column":2249}},"8":{"start":{"line":108,"column":8},"end":{"line":108,"column":2417}},"9":{"start":{"line":121,"column":8},"end":{"line":121,"column":42}},"10":{"start":{"line":132,"column":8},"end":{"line":132,"column":31}},"11":{"start":{"line":143,"column":8},"end":{"line":143,"column":58}},"12":{"start":{"line":154,"column":8},"end":{"line":154,"column":56}},"13":{"start":{"line":165,"column":8},"end":{"line":165,"column":47}},"14":{"start":{"line":176,"column":8},"end":{"line":176,"column":3824}},"15":{"start":{"line":189,"column":8},"end":{"line":189,"column":50}},"16":{"start":{"line":202,"column":8},"end":{"line":202,"column":43}},"17":{"start":{"line":264,"column":8},"end":{"line":264,"column":5749}},"18":{"start":{"line":281,"column":8},"end":{"line":281,"column":6115}},"19":{"start":{"line":289,"column":8},"end":{"line":289,"column":6303}},"20":{"start":{"line":310,"column":8},"end":{"line":310,"column":6752}},"21":{"start":{"line":319,"column":8},"end":{"line":319,"column":6968}}},"branchMap":{"1":{"line":105,"type":"if","locations":[{"start":{"line":105,"column":14},"end":{"line":105,"column":31}},{"start":{"line":106,"column":14},"end":{"line":106,"column":24}}]},"2":{"line":177,"type":"if","locations":[{"start":{"line":177,"column":14},"end":{"line":177,"column":29}},{"start":{"line":178,"column":14},"end":{"line":178,"column":27}}]},"3":{"line":268,"type":"if","locations":[{"start":{"line":268,"column":14},"end":{"line":268,"column":40}},{"start":{"line":268,"column":44},"end":{"line":268,"column":44}}]},"4":{"line":289,"type":"if","locations":[{"start":{"line":289,"column":8},"end":{"line":289,"column":8}},{"start":{"line":289,"column":8},"end":{"line":289,"column":8}}]},"5":{"line":291,"type":"cond-expr","locations":[{"start":{"line":291,"column":16},"end":{"line":291,"column":31}},{"start":{"line":291,"column":36},"end":{"line":293,"column":16}}]},"6":{"line":319,"type":"if","locations":[{"start":{"line":319,"column":8},"end":{"line":319,"column":8}},{"start":{"line":319,"column":8},"end":{"line":319,"column":8}}]},"7":{"line":321,"type":"cond-expr","locations":[{"start":{"line":321,"column":16},"end":{"line":321,"column":31}},{"start":{"line":321,"column":36},"end":{"line":323,"column":16}}]}}},"contracts/LiquidLocker.sol":{"l":{"11":0,"15":0,"19":0,"23":0,"27":0,"32":0,"51":0,"59":0,"60":0,"61":0,"74":0,"76":0,"81":0,"83":0,"100":0,"105":0,"107":0,"123":0,"125":0,"130":0,"135":0,"136":0,"138":0,"142":0,"166":0,"170":0,"176":0,"181":0,"198":0,"214":0,"230":0,"235":0,"238":0,"240":0,"255":0,"260":0,"265":0,"277":0,"280":0,"283":0,"287":0,"293":0,"299":0,"313":0,"318":0,"328":0,"329":0,"331":0,"332":0,"350":0,"355":0,"360":0,"365":0,"376":0,"382":0,"384":0,"389":0,"402":0,"407":0,"423":0,"440":0,"445":0,"450":0,"455":0,"457":0,"458":0,"460":0,"463":0,"464":0,"466":0,"468":0,"475":0,"480":0,"484":0,"494":0,"500":0,"501":0,"503":0,"504":0,"512":0,"528":0,"542":0,"559":0,"575":0,"589":0,"611":0,"615":0,"619":0,"635":0,"647":0,"649":0,"655":0,"670":0,"674":0,"677":0,"679":0,"685":0,"700":0,"703":0,"709":0},"path":"/Users/vm06007/Development/liquidnfts-audit-scope/contracts/LiquidLocker.sol","s":{"1":0,"2":0,"3":0,"4":0,"5":0,"6":0,"7":0,"8":0,"9":0,"10":0,"11":0,"12":0,"13":0,"14":0,"15":0,"16":0,"17":0,"18":0,"19":0,"20":0,"21":0,"22":0,"23":0,"24":0,"25":0,"26":0,"27":0,"28":0,"29":0,"30":0,"31":0,"32":0,"33":0,"34":0,"35":0,"36":0,"37":0,"38":0,"39":0,"40":0,"41":0,"42":0,"43":0,"44":0,"45":0,"46":0,"47":0,"48":0,"49":0,"50":0,"51":0,"52":0,"53":0,"54":0,"55":0,"56":0,"57":0,"58":0,"59":0,"60":0,"61":0,"62":0,"63":0,"64":0,"65":0,"66":0,"67":0,"68":0},"b":{"1":[0,0],"2":[0,0],"3":[0,0],"4":[0,0],"5":[0,0],"6":[0,0],"7":[0,0],"8":[0,0],"9":[0,0],"10":[0,0],"11":[0,0],"12":[0,0],"13":[0,0],"14":[0,0],"15":[0,0],"16":[0,0],"17":[0,0],"18":[0,0],"19":[0,0],"20":[0,0],"21":[0,0],"22":[0,0],"23":[0,0],"24":[0,0],"25":[0,0],"26":[0,0],"27":[0,0],"28":[0,0],"29":[0,0],"30":[0,0],"31":[0,0],"32":[0,0],"33":[0,0],"34":[0,0],"35":[0,0],"36":[0,0],"37":[0,0],"38":[0,0],"39":[0,0],"40":[0,0],"41":[0,0],"42":[0,0],"43":[0,0],"44":[0,0],"45":[0,0]},"f":{"1":0,"2":0,"3":0,"4":0,"5":0,"6":0,"7":0,"8":0,"9":0,"10":0,"11":0,"12":0,"13":0,"14":0,"15":0,"16":0,"17":0,"18":0,"19":0,"20":0,"21":0,"22":0,"23":0,"24":0,"25":0,"26":0,"27":0,"28":0,"29":0,"30":0},"fnMap":{"1":{"name":"onlyLockerOwner","line":10,"loc":{"start":{"line":10,"column":4},"end":{"line":16,"column":4}}},"2":{"name":"onlyFromFactory","line":18,"loc":{"start":{"line":18,"column":4},"end":{"line":24,"column":4}}},"3":{"name":"onlyDuringContributionPhase","line":26,"loc":{"start":{"line":26,"column":4},"end":{"line":33,"column":4}}},"4":{"name":"initialize","line":49,"loc":{"start":{"line":39,"column":4},"end":{"line":62,"column":4}}},"5":{"name":"increasePaymentRate","line":72,"loc":{"start":{"line":67,"column":4},"end":{"line":86,"column":4}}},"6":{"name":"decreasePaymentTime","line":98,"loc":{"start":{"line":93,"column":4},"end":{"line":110,"column":4}}},"7":{"name":"updateSettings","line":121,"loc":{"start":{"line":115,"column":4},"end":{"line":145,"column":4}}},"8":{"name":"makeContribution","line":160,"loc":{"start":{"line":154,"column":4},"end":{"line":184,"column":4}}},"9":{"name":"_usersIncrease","line":190,"loc":{"start":{"line":190,"column":4},"end":{"line":201,"column":4}}},"10":{"name":"_totalIncrease","line":207,"loc":{"start":{"line":207,"column":4},"end":{"line":217,"column":4}}},"11":{"name":"_reachedTotal","line":224,"loc":{"start":{"line":224,"column":4},"end":{"line":243,"column":4}}},"12":{"name":"enableLocker","line":253,"loc":{"start":{"line":249,"column":4},"end":{"line":303,"column":4}}},"13":{"name":"disableLocker","line":311,"loc":{"start":{"line":309,"column":4},"end":{"line":319,"column":4}}},"14":{"name":"_returnOwnerTokens","line":325,"loc":{"start":{"line":325,"column":4},"end":{"line":339,"column":4}}},"15":{"name":"rescueLocker","line":347,"loc":{"start":{"line":347,"column":4},"end":{"line":366,"column":4}}},"16":{"name":"refundDueExpired","line":371,"loc":{"start":{"line":371,"column":4},"end":{"line":392,"column":4}}},"17":{"name":"refundDueSingle","line":397,"loc":{"start":{"line":397,"column":4},"end":{"line":411,"column":4}}},"18":{"name":"donateFunds","line":421,"loc":{"start":{"line":417,"column":4},"end":{"line":425,"column":4}}},"19":{"name":"payBackFunds","line":438,"loc":{"start":{"line":433,"column":4},"end":{"line":485,"column":4}}},"20":{"name":"liquidateLocker","line":491,"loc":{"start":{"line":491,"column":4},"end":{"line":515,"column":4}}},"21":{"name":"penaltyAmount","line":520,"loc":{"start":{"line":520,"column":4},"end":{"line":532,"column":4}}},"22":{"name":"_penaltyAmount","line":537,"loc":{"start":{"line":537,"column":4},"end":{"line":546,"column":4}}},"23":{"name":"_getPenaltyAmount","line":551,"loc":{"start":{"line":551,"column":4},"end":{"line":562,"column":4}}},"24":{"name":"_daysBase","line":568,"loc":{"start":{"line":568,"column":4},"end":{"line":578,"column":4}}},"25":{"name":"getLateDays","line":584,"loc":{"start":{"line":584,"column":4},"end":{"line":591,"column":4}}},"26":{"name":"calculatePaybacks","line":598,"loc":{"start":{"line":598,"column":4},"end":{"line":621,"column":4}}},"27":{"name":"calculateEpoch","line":626,"loc":{"start":{"line":626,"column":4},"end":{"line":639,"column":4}}},"28":{"name":"claimInterest","line":644,"loc":{"start":{"line":644,"column":4},"end":{"line":658,"column":4}}},"29":{"name":"_claimInterest","line":665,"loc":{"start":{"line":665,"column":4},"end":{"line":689,"column":4}}},"30":{"name":"_refundTokens","line":694,"loc":{"start":{"line":694,"column":4},"end":{"line":713,"column":4}}}},"statementMap":{"1":{"start":{"line":11,"column":8},"end":{"line":11,"column":228}},"2":{"start":{"line":19,"column":8},"end":{"line":19,"column":394}},"3":{"start":{"line":27,"column":8},"end":{"line":27,"column":572}},"4":{"start":{"line":74,"column":8},"end":{"line":74,"column":64}},"5":{"start":{"line":74,"column":42},"end":{"line":74,"column":63}},"6":{"start":{"line":76,"column":8},"end":{"line":76,"column":2031}},"7":{"start":{"line":83,"column":8},"end":{"line":83,"column":2203}},"8":{"start":{"line":100,"column":8},"end":{"line":100,"column":2684}},"9":{"start":{"line":107,"column":8},"end":{"line":107,"column":2858}},"10":{"start":{"line":123,"column":8},"end":{"line":123,"column":64}},"11":{"start":{"line":123,"column":42},"end":{"line":123,"column":63}},"12":{"start":{"line":125,"column":8},"end":{"line":125,"column":3378}},"13":{"start":{"line":130,"column":8},"end":{"line":130,"column":3498}},"14":{"start":{"line":138,"column":8},"end":{"line":138,"column":3714}},"15":{"start":{"line":142,"column":8},"end":{"line":142,"column":3787}},"16":{"start":{"line":176,"column":8},"end":{"line":176,"column":4845}},"17":{"start":{"line":181,"column":8},"end":{"line":181,"column":4941}},"18":{"start":{"line":198,"column":8},"end":{"line":198,"column":5399}},"19":{"start":{"line":230,"column":8},"end":{"line":230,"column":6341}},"20":{"start":{"line":240,"column":8},"end":{"line":240,"column":6571}},"21":{"start":{"line":255,"column":8},"end":{"line":255,"column":6989}},"22":{"start":{"line":260,"column":8},"end":{"line":260,"column":7098}},"23":{"start":{"line":265,"column":8},"end":{"line":265,"column":7212}},"24":{"start":{"line":287,"column":8},"end":{"line":287,"column":7691}},"25":{"start":{"line":293,"column":8},"end":{"line":293,"column":7835}},"26":{"start":{"line":299,"column":8},"end":{"line":299,"column":7953}},"27":{"start":{"line":313,"column":8},"end":{"line":313,"column":8300}},"28":{"start":{"line":318,"column":8},"end":{"line":318,"column":27}},"29":{"start":{"line":328,"column":8},"end":{"line":328,"column":49}},"30":{"start":{"line":331,"column":8},"end":{"line":331,"column":8743}},"31":{"start":{"line":332,"column":12},"end":{"line":332,"column":8814}},"32":{"start":{"line":350,"column":8},"end":{"line":350,"column":9455}},"33":{"start":{"line":355,"column":8},"end":{"line":355,"column":9572}},"34":{"start":{"line":360,"column":8},"end":{"line":360,"column":9699}},"35":{"start":{"line":365,"column":8},"end":{"line":365,"column":27}},"36":{"start":{"line":376,"column":8},"end":{"line":376,"column":10021}},"37":{"start":{"line":382,"column":8},"end":{"line":382,"column":59}},"38":{"start":{"line":384,"column":8},"end":{"line":384,"column":10235}},"39":{"start":{"line":389,"column":8},"end":{"line":389,"column":10322}},"40":{"start":{"line":402,"column":8},"end":{"line":402,"column":10602}},"41":{"start":{"line":407,"column":8},"end":{"line":407,"column":10729}},"42":{"start":{"line":440,"column":8},"end":{"line":440,"column":11642}},"43":{"start":{"line":445,"column":8},"end":{"line":445,"column":11747}},"44":{"start":{"line":450,"column":8},"end":{"line":450,"column":11842}},"45":{"start":{"line":455,"column":8},"end":{"line":455,"column":11935}},"46":{"start":{"line":457,"column":12},"end":{"line":457,"column":27}},"47":{"start":{"line":458,"column":12},"end":{"line":458,"column":31}},"48":{"start":{"line":460,"column":12},"end":{"line":460,"column":18}},"49":{"start":{"line":463,"column":8},"end":{"line":463,"column":44}},"50":{"start":{"line":464,"column":8},"end":{"line":464,"column":51}},"51":{"start":{"line":466,"column":8},"end":{"line":466,"column":52}},"52":{"start":{"line":466,"column":46},"end":{"line":466,"column":52}},"53":{"start":{"line":468,"column":8},"end":{"line":468,"column":12229}},"54":{"start":{"line":475,"column":8},"end":{"line":475,"column":12422}},"55":{"start":{"line":494,"column":8},"end":{"line":494,"column":12976}},"56":{"start":{"line":500,"column":8},"end":{"line":500,"column":23}},"57":{"start":{"line":503,"column":8},"end":{"line":503,"column":13192}},"58":{"start":{"line":504,"column":12},"end":{"line":504,"column":13263}},"59":{"start":{"line":512,"column":8},"end":{"line":512,"column":13443}},"60":{"start":{"line":647,"column":8},"end":{"line":647,"column":41}},"61":{"start":{"line":649,"column":8},"end":{"line":649,"column":16700}},"62":{"start":{"line":655,"column":8},"end":{"line":655,"column":16848}},"63":{"start":{"line":670,"column":8},"end":{"line":670,"column":17239}},"64":{"start":{"line":674,"column":8},"end":{"line":674,"column":17374}},"65":{"start":{"line":679,"column":8},"end":{"line":679,"column":17485}},"66":{"start":{"line":685,"column":8},"end":{"line":685,"column":17604}},"67":{"start":{"line":703,"column":8},"end":{"line":703,"column":18046}},"68":{"start":{"line":709,"column":8},"end":{"line":709,"column":18163}}},"branchMap":{"1":{"line":11,"type":"if","locations":[{"start":{"line":11,"column":8},"end":{"line":11,"column":8}},{"start":{"line":11,"column":8},"end":{"line":11,"column":8}}]},"2":{"line":19,"type":"if","locations":[{"start":{"line":19,"column":8},"end":{"line":19,"column":8}},{"start":{"line":19,"column":8},"end":{"line":19,"column":8}}]},"3":{"line":27,"type":"if","locations":[{"start":{"line":27,"column":8},"end":{"line":27,"column":8}},{"start":{"line":27,"column":8},"end":{"line":27,"column":8}}]},"4":{"line":49,"type":"if","locations":[{"start":{"line":49,"column":8},"end":{"line":49,"column":8}},{"start":{"line":49,"column":8},"end":{"line":49,"column":8}}]},"5":{"line":71,"type":"if","locations":[{"start":{"line":71,"column":8},"end":{"line":71,"column":8}},{"start":{"line":71,"column":8},"end":{"line":71,"column":8}}]},"6":{"line":72,"type":"if","locations":[{"start":{"line":72,"column":8},"end":{"line":72,"column":8}},{"start":{"line":72,"column":8},"end":{"line":72,"column":8}}]},"7":{"line":74,"type":"if","locations":[{"start":{"line":74,"column":8},"end":{"line":74,"column":8}},{"start":{"line":74,"column":8},"end":{"line":74,"column":8}}]},"8":{"line":76,"type":"if","locations":[{"start":{"line":76,"column":8},"end":{"line":76,"column":8}},{"start":{"line":76,"column":8},"end":{"line":76,"column":8}}]},"9":{"line":97,"type":"if","locations":[{"start":{"line":97,"column":8},"end":{"line":97,"column":8}},{"start":{"line":97,"column":8},"end":{"line":97,"column":8}}]},"10":{"line":98,"type":"if","locations":[{"start":{"line":98,"column":8},"end":{"line":98,"column":8}},{"start":{"line":98,"column":8},"end":{"line":98,"column":8}}]},"11":{"line":100,"type":"if","locations":[{"start":{"line":100,"column":8},"end":{"line":100,"column":8}},{"start":{"line":100,"column":8},"end":{"line":100,"column":8}}]},"12":{"line":120,"type":"if","locations":[{"start":{"line":120,"column":8},"end":{"line":120,"column":8}},{"start":{"line":120,"column":8},"end":{"line":120,"column":8}}]},"13":{"line":121,"type":"if","locations":[{"start":{"line":121,"column":8},"end":{"line":121,"column":8}},{"start":{"line":121,"column":8},"end":{"line":121,"column":8}}]},"14":{"line":123,"type":"if","locations":[{"start":{"line":123,"column":8},"end":{"line":123,"column":8}},{"start":{"line":123,"column":8},"end":{"line":123,"column":8}}]},"15":{"line":125,"type":"if","locations":[{"start":{"line":125,"column":8},"end":{"line":125,"column":8}},{"start":{"line":125,"column":8},"end":{"line":125,"column":8}}]},"16":{"line":130,"type":"if","locations":[{"start":{"line":130,"column":8},"end":{"line":130,"column":8}},{"start":{"line":130,"column":8},"end":{"line":130,"column":8}}]},"17":{"line":159,"type":"if","locations":[{"start":{"line":159,"column":8},"end":{"line":159,"column":8}},{"start":{"line":159,"column":8},"end":{"line":159,"column":8}}]},"18":{"line":160,"type":"if","locations":[{"start":{"line":160,"column":8},"end":{"line":160,"column":8}},{"start":{"line":160,"column":8},"end":{"line":160,"column":8}}]},"19":{"line":199,"type":"if","locations":[{"start":{"line":199,"column":14},"end":{"line":199,"column":40}},{"start":{"line":200,"column":14},"end":{"line":200,"column":25}}]},"20":{"line":216,"type":"if","locations":[{"start":{"line":216,"column":14},"end":{"line":216,"column":25}},{"start":{"line":216,"column":29},"end":{"line":216,"column":55}}]},"21":{"line":230,"type":"if","locations":[{"start":{"line":230,"column":8},"end":{"line":230,"column":8}},{"start":{"line":230,"column":8},"end":{"line":230,"column":8}}]},"22":{"line":253,"type":"if","locations":[{"start":{"line":253,"column":8},"end":{"line":253,"column":8}},{"start":{"line":253,"column":8},"end":{"line":253,"column":8}}]},"23":{"line":255,"type":"if","locations":[{"start":{"line":255,"column":8},"end":{"line":255,"column":8}},{"start":{"line":255,"column":8},"end":{"line":255,"column":8}}]},"24":{"line":260,"type":"if","locations":[{"start":{"line":260,"column":8},"end":{"line":260,"column":8}},{"start":{"line":260,"column":8},"end":{"line":260,"column":8}}]},"25":{"line":311,"type":"if","locations":[{"start":{"line":311,"column":8},"end":{"line":311,"column":8}},{"start":{"line":311,"column":8},"end":{"line":311,"column":8}}]},"26":{"line":313,"type":"if","locations":[{"start":{"line":313,"column":8},"end":{"line":313,"column":8}},{"start":{"line":313,"column":8},"end":{"line":313,"column":8}}]},"27":{"line":350,"type":"if","locations":[{"start":{"line":350,"column":8},"end":{"line":350,"column":8}},{"start":{"line":350,"column":8},"end":{"line":350,"column":8}}]},"28":{"line":355,"type":"if","locations":[{"start":{"line":355,"column":8},"end":{"line":355,"column":8}},{"start":{"line":355,"column":8},"end":{"line":355,"column":8}}]},"29":{"line":360,"type":"if","locations":[{"start":{"line":360,"column":8},"end":{"line":360,"column":8}},{"start":{"line":360,"column":8},"end":{"line":360,"column":8}}]},"30":{"line":376,"type":"if","locations":[{"start":{"line":376,"column":8},"end":{"line":376,"column":8}},{"start":{"line":376,"column":8},"end":{"line":376,"column":8}}]},"31":{"line":377,"type":"cond-expr","locations":[{"start":{"line":377,"column":12},"end":{"line":377,"column":36}},{"start":{"line":378,"column":12},"end":{"line":378,"column":36}}]},"32":{"line":402,"type":"if","locations":[{"start":{"line":402,"column":8},"end":{"line":402,"column":8}},{"start":{"line":402,"column":8},"end":{"line":402,"column":8}}]},"33":{"line":421,"type":"if","locations":[{"start":{"line":421,"column":8},"end":{"line":421,"column":8}},{"start":{"line":421,"column":8},"end":{"line":421,"column":8}}]},"34":{"line":438,"type":"if","locations":[{"start":{"line":438,"column":8},"end":{"line":438,"column":8}},{"start":{"line":438,"column":8},"end":{"line":438,"column":8}}]},"35":{"line":440,"type":"if","locations":[{"start":{"line":440,"column":8},"end":{"line":440,"column":8}},{"start":{"line":440,"column":8},"end":{"line":440,"column":8}}]},"36":{"line":455,"type":"if","locations":[{"start":{"line":455,"column":8},"end":{"line":455,"column":8}},{"start":{"line":455,"column":8},"end":{"line":455,"column":8}}]},"37":{"line":466,"type":"if","locations":[{"start":{"line":466,"column":8},"end":{"line":466,"column":8}},{"start":{"line":466,"column":8},"end":{"line":466,"column":8}}]},"38":{"line":475,"type":"if","locations":[{"start":{"line":475,"column":8},"end":{"line":475,"column":8}},{"start":{"line":475,"column":8},"end":{"line":475,"column":8}}]},"39":{"line":481,"type":"if","locations":[{"start":{"line":481,"column":14},"end":{"line":481,"column":43}},{"start":{"line":482,"column":14},"end":{"line":482,"column":44}}]},"40":{"line":494,"type":"if","locations":[{"start":{"line":494,"column":8},"end":{"line":494,"column":8}},{"start":{"line":494,"column":8},"end":{"line":494,"column":8}}]},"41":{"line":495,"type":"cond-expr","locations":[{"start":{"line":495,"column":12},"end":{"line":495,"column":35}},{"start":{"line":496,"column":12},"end":{"line":496,"column":35}}]},"42":{"line":576,"type":"if","locations":[{"start":{"line":576,"column":14},"end":{"line":576,"column":32}},{"start":{"line":577,"column":14},"end":{"line":577,"column":24}}]},"43":{"line":590,"type":"if","locations":[{"start":{"line":590,"column":14},"end":{"line":590,"column":61}},{"start":{"line":590,"column":65},"end":{"line":590,"column":65}}]},"44":{"line":649,"type":"if","locations":[{"start":{"line":649,"column":8},"end":{"line":649,"column":8}},{"start":{"line":649,"column":8},"end":{"line":649,"column":8}}]},"45":{"line":650,"type":"cond-expr","locations":[{"start":{"line":650,"column":12},"end":{"line":650,"column":35}},{"start":{"line":651,"column":12},"end":{"line":651,"column":33}}]}}},"contracts/LiquidTransfer.sol":{"l":{"28":0,"30":0,"31":0,"37":0,"43":0,"51":0,"55":0,"72":0,"74":0,"75":0,"82":0,"87":0,"91":0,"96":0,"102":0,"107":0,"111":0,"116":0,"123":0,"131":0,"135":0,"157":0,"164":0},"path":"/Users/vm06007/Development/liquidnfts-audit-scope/contracts/LiquidTransfer.sol","s":{"1":0,"2":0,"3":0,"4":0,"5":0,"6":0,"7":0,"8":0,"9":0,"10":0,"11":0,"12":0,"13":0,"14":0,"15":0,"16":0,"17":0,"18":0,"19":0},"b":{"1":[0,0],"2":[0,0],"3":[0,0],"4":[0,0],"5":[0,0],"6":[0,0],"7":[0,0],"8":[0,0]},"f":{"1":0,"2":0,"3":0},"fnMap":{"1":{"name":"_transferNFT","line":20,"loc":{"start":{"line":20,"column":4},"end":{"line":59,"column":4}}},"2":{"name":"_transferFromNFT","line":64,"loc":{"start":{"line":64,"column":4},"end":{"line":139,"column":4}}},"3":{"name":"onERC721Received","line":148,"loc":{"start":{"line":148,"column":4},"end":{"line":165,"column":4}}}},"statementMap":{"1":{"start":{"line":28,"column":8},"end":{"line":28,"column":25}},"2":{"start":{"line":30,"column":8},"end":{"line":30,"column":802}},"3":{"start":{"line":36,"column":15},"end":{"line":36,"column":999}},"4":{"start":{"line":51,"column":8},"end":{"line":51,"column":1409}},"5":{"start":{"line":55,"column":8},"end":{"line":55,"column":1492}},"6":{"start":{"line":72,"column":8},"end":{"line":72,"column":25}},"7":{"start":{"line":74,"column":8},"end":{"line":74,"column":1893}},"8":{"start":{"line":81,"column":15},"end":{"line":81,"column":2125}},"9":{"start":{"line":82,"column":12},"end":{"line":82,"column":2172}},"10":{"start":{"line":87,"column":12},"end":{"line":87,"column":2331}},"11":{"start":{"line":91,"column":12},"end":{"line":91,"column":2472}},"12":{"start":{"line":96,"column":12},"end":{"line":96,"column":2579}},"13":{"start":{"line":102,"column":12},"end":{"line":102,"column":2718}},"14":{"start":{"line":107,"column":12},"end":{"line":107,"column":2855}},"15":{"start":{"line":111,"column":12},"end":{"line":111,"column":2983}},"16":{"start":{"line":131,"column":8},"end":{"line":131,"column":3451}},"17":{"start":{"line":135,"column":8},"end":{"line":135,"column":3558}},"18":{"start":{"line":157,"column":8},"end":{"line":157,"column":3962}},"19":{"start":{"line":164,"column":8},"end":{"line":164,"column":45}}},"branchMap":{"1":{"line":30,"type":"if","locations":[{"start":{"line":30,"column":8},"end":{"line":30,"column":8}},{"start":{"line":30,"column":8},"end":{"line":30,"column":8}}]},"2":{"line":36,"type":"if","locations":[{"start":{"line":36,"column":15},"end":{"line":36,"column":15}},{"start":{"line":36,"column":15},"end":{"line":36,"column":15}}]},"3":{"line":55,"type":"if","locations":[{"start":{"line":55,"column":8},"end":{"line":55,"column":8}},{"start":{"line":55,"column":8},"end":{"line":55,"column":8}}]},"4":{"line":74,"type":"if","locations":[{"start":{"line":74,"column":8},"end":{"line":74,"column":8}},{"start":{"line":74,"column":8},"end":{"line":74,"column":8}}]},"5":{"line":81,"type":"if","locations":[{"start":{"line":81,"column":15},"end":{"line":81,"column":15}},{"start":{"line":81,"column":15},"end":{"line":81,"column":15}}]},"6":{"line":96,"type":"if","locations":[{"start":{"line":96,"column":12},"end":{"line":96,"column":12}},{"start":{"line":96,"column":12},"end":{"line":96,"column":12}}]},"7":{"line":111,"type":"if","locations":[{"start":{"line":111,"column":12},"end":{"line":111,"column":12}},{"start":{"line":111,"column":12},"end":{"line":111,"column":12}}]},"8":{"line":135,"type":"if","locations":[{"start":{"line":135,"column":8},"end":{"line":135,"column":8}},{"start":{"line":135,"column":8},"end":{"line":135,"column":8}}]}}},"contracts/NFT1155.sol":{"l":{"26":0,"29":0,"33":0,"47":0},"path":"/Users/vm06007/Development/liquidnfts-audit-scope/contracts/NFT1155.sol","s":{"1":0,"2":0,"3":0},"b":{},"f":{"1":0,"2":0,"3":0},"fnMap":{"1":{"name":"constructor","line":16,"loc":{"start":{"line":13,"column":4},"end":{"line":19,"column":4}}},"2":{"name":"mint","line":21,"loc":{"start":{"line":21,"column":4},"end":{"line":39,"column":4}}},"3":{"name":"burn","line":41,"loc":{"start":{"line":41,"column":4},"end":{"line":52,"column":4}}}},"statementMap":{"1":{"start":{"line":29,"column":8},"end":{"line":29,"column":460}},"2":{"start":{"line":33,"column":8},"end":{"line":33,"column":527}},"3":{"start":{"line":47,"column":8},"end":{"line":47,"column":749}}},"branchMap":{}},"contracts/NFT721.sol":{"l":{"25":0,"28":0,"32":0,"43":0},"path":"/Users/vm06007/Development/liquidnfts-audit-scope/contracts/NFT721.sol","s":{"1":0,"2":0,"3":0},"b":{},"f":{"1":0,"2":0,"3":0},"fnMap":{"1":{"name":"constructor","line":17,"loc":{"start":{"line":13,"column":4},"end":{"line":20,"column":4}}},"2":{"name":"mint","line":22,"loc":{"start":{"line":22,"column":4},"end":{"line":36,"column":4}}},"3":{"name":"burn","line":38,"loc":{"start":{"line":38,"column":4},"end":{"line":46,"column":4}}}},"statementMap":{"1":{"start":{"line":28,"column":8},"end":{"line":28,"column":441}},"2":{"start":{"line":32,"column":8},"end":{"line":32,"column":508}},"3":{"start":{"line":43,"column":8},"end":{"line":43,"column":662}}},"branchMap":{}},"contracts/Token.sol":{"l":{"38":0,"39":0,"40":0,"48":0,"56":0,"64":0,"72":0,"82":0,"92":0,"98":0,"109":0,"119":0,"125":0,"136":0,"142":0,"148":0,"162":0,"167":0,"184":0,"191":0,"197":0,"211":0,"214":0,"217":0,"229":0,"232":0,"237":0,"250":0,"253":0,"258":0,"272":0,"274":0},"path":"/Users/vm06007/Development/liquidnfts-audit-scope/contracts/Token.sol","s":{"1":0,"2":0,"3":0,"4":0,"5":0,"6":0,"7":0,"8":0,"9":0,"10":0,"11":0,"12":0,"13":0,"14":0,"15":0,"16":0,"17":0,"18":0,"19":0,"20":0,"21":0,"22":0},"b":{"1":[0,0],"2":[0,0]},"f":{"1":0,"2":0,"3":0,"4":0,"5":0,"6":0,"7":0,"8":0,"9":0,"10":0,"11":0,"12":0,"13":0,"14":0,"15":0},"fnMap":{"1":{"name":"constructor","line":34,"loc":{"start":{"line":34,"column":4},"end":{"line":41,"column":4}}},"2":{"name":"name","line":43,"loc":{"start":{"line":43,"column":4},"end":{"line":49,"column":4}}},"3":{"name":"symbol","line":51,"loc":{"start":{"line":51,"column":4},"end":{"line":57,"column":4}}},"4":{"name":"decimals","line":59,"loc":{"start":{"line":59,"column":4},"end":{"line":65,"column":4}}},"5":{"name":"totalSupply","line":67,"loc":{"start":{"line":67,"column":4},"end":{"line":73,"column":4}}},"6":{"name":"balanceOf","line":75,"loc":{"start":{"line":75,"column":4},"end":{"line":83,"column":4}}},"7":{"name":"transfer","line":85,"loc":{"start":{"line":85,"column":4},"end":{"line":99,"column":4}}},"8":{"name":"allowance","line":101,"loc":{"start":{"line":101,"column":4},"end":{"line":110,"column":4}}},"9":{"name":"approve","line":112,"loc":{"start":{"line":112,"column":4},"end":{"line":126,"column":4}}},"10":{"name":"transferFrom","line":128,"loc":{"start":{"line":128,"column":4},"end":{"line":149,"column":4}}},"11":{"name":"permit","line":151,"loc":{"start":{"line":151,"column":4},"end":{"line":202,"column":4}}},"12":{"name":"_transfer","line":204,"loc":{"start":{"line":204,"column":4},"end":{"line":222,"column":4}}},"13":{"name":"mint","line":224,"loc":{"start":{"line":224,"column":4},"end":{"line":242,"column":4}}},"14":{"name":"_burn","line":244,"loc":{"start":{"line":244,"column":4},"end":{"line":263,"column":4}}},"15":{"name":"_approve","line":265,"loc":{"start":{"line":265,"column":4},"end":{"line":279,"column":4}}}},"statementMap":{"1":{"start":{"line":48,"column":8},"end":{"line":48,"column":20}},"2":{"start":{"line":56,"column":8},"end":{"line":56,"column":22}},"3":{"start":{"line":64,"column":8},"end":{"line":64,"column":24}},"4":{"start":{"line":72,"column":8},"end":{"line":72,"column":27}},"5":{"start":{"line":82,"column":8},"end":{"line":82,"column":34}},"6":{"start":{"line":92,"column":8},"end":{"line":92,"column":1751}},"7":{"start":{"line":98,"column":8},"end":{"line":98,"column":19}},"8":{"start":{"line":109,"column":8},"end":{"line":109,"column":44}},"9":{"start":{"line":119,"column":8},"end":{"line":119,"column":2196}},"10":{"start":{"line":125,"column":8},"end":{"line":125,"column":19}},"11":{"start":{"line":136,"column":8},"end":{"line":136,"column":2474}},"12":{"start":{"line":142,"column":8},"end":{"line":142,"column":2604}},"13":{"start":{"line":148,"column":8},"end":{"line":148,"column":19}},"14":{"start":{"line":162,"column":8},"end":{"line":162,"column":2936}},"15":{"start":{"line":167,"column":8},"end":{"line":167,"column":3049}},"16":{"start":{"line":184,"column":8},"end":{"line":184,"column":3517}},"17":{"start":{"line":191,"column":8},"end":{"line":191,"column":3641}},"18":{"start":{"line":197,"column":8},"end":{"line":197,"column":3788}},"19":{"start":{"line":217,"column":8},"end":{"line":217,"column":4158}},"20":{"start":{"line":237,"column":8},"end":{"line":237,"column":4502}},"21":{"start":{"line":258,"column":8},"end":{"line":258,"column":4874}},"22":{"start":{"line":274,"column":8},"end":{"line":274,"column":5157}}},"branchMap":{"1":{"line":162,"type":"if","locations":[{"start":{"line":162,"column":8},"end":{"line":162,"column":8}},{"start":{"line":162,"column":8},"end":{"line":162,"column":8}}]},"2":{"line":191,"type":"if","locations":[{"start":{"line":191,"column":8},"end":{"line":191,"column":8}},{"start":{"line":191,"column":8},"end":{"line":191,"column":8}}]}}}}