TN:
SF:/Users/vm06007/Development/liquid-nft-contracts/v2/contracts/AccessControl.sol
FN:26,constructor
FN:36,onlyMultisig
FN:47,onlyWorker
FN:63,updateMultisig
FN:73,_updateMultisig
FN:93,addWorker
FN:110,removeWorker
FNF:7
FNH:7
FNDA:270,constructor
FNDA:208,onlyMultisig
FNDA:125,onlyWorker
FNDA:1,updateMultisig
FNDA:363,_updateMultisig
FNDA:1,addWorker
FNDA:1,removeWorker
DA:27,270
DA:28,270
DA:37,208
DA:41,196
DA:48,125
DA:52,115
DA:65,1
DA:78,363
DA:80,363
DA:95,1
DA:97,1
DA:112,1
DA:114,1
LF:13
LH:13
BRDA:37,1,0,196
BRDA:37,1,1,12
BRDA:48,2,0,115
BRDA:48,2,1,10
BRF:4
BRH:4
end_of_record
TN:
SF:/Users/vm06007/Development/liquid-nft-contracts/v2/contracts/Babylonian.sol
FN:7,sqrt
FNF:1
FNH:1
FNDA:184,sqrt
DA:14,184
DA:16,184
DA:17,184
DA:18,184
DA:19,0
DA:20,0
DA:22,184
DA:23,184
DA:24,184
DA:26,184
DA:27,184
DA:28,184
DA:30,184
DA:31,184
DA:32,184
DA:34,184
DA:35,0
DA:36,0
DA:38,184
DA:39,184
DA:40,184
DA:42,184
DA:43,0
DA:45,184
DA:46,184
DA:47,184
DA:48,184
DA:49,184
DA:50,184
DA:51,184
DA:53,184
DA:54,184
LF:32
LH:27
BRDA:14,1,0,0
BRDA:14,1,1,184
BRDA:18,2,0,0
BRDA:18,2,1,184
BRDA:22,3,0,184
BRDA:22,3,1,0
BRDA:26,4,0,184
BRDA:26,4,1,0
BRDA:30,5,0,184
BRDA:30,5,1,0
BRDA:34,6,0,0
BRDA:34,6,1,184
BRDA:38,7,0,184
BRDA:38,7,1,0
BRDA:42,8,0,0
BRDA:42,8,1,184
BRF:16
BRH:8
end_of_record
TN:
SF:/Users/vm06007/Development/liquid-nft-contracts/v2/contracts/ILiquidInit.sol
FNF:0
FNH:0
LF:0
LH:0
BRF:0
BRH:0
end_of_record
TN:
SF:/Users/vm06007/Development/liquid-nft-contracts/v2/contracts/ILiquidPool.sol
FNF:0
FNH:0
LF:0
LH:0
BRF:0
BRH:0
end_of_record
TN:
SF:/Users/vm06007/Development/liquid-nft-contracts/v2/contracts/ILiquidRouter.sol
FNF:0
FNH:0
LF:0
LH:0
BRF:0
BRH:0
end_of_record
TN:
SF:/Users/vm06007/Development/liquid-nft-contracts/v2/contracts/LiquidEvents.sol
FNF:0
FNH:0
LF:0
LH:0
BRF:0
BRH:0
end_of_record
TN:
SF:/Users/vm06007/Development/liquid-nft-contracts/v2/contracts/LiquidPool.sol
FN:17,onlyRouter
FN:28,updateBorrowRate
FN:41,knownCollection
FN:55,constructor
FN:78,initialize
FN:167,depositFunds
FN:206,tokenizeShares
FN:232,withdrawFunds
FN:264,_withdrawFundsShares
FN:312,_withdrawFundsTokens
FN:369,borrowFunds
FN:464,paybackFunds
FN:583,liquidateNFT
FN:668,liquidateNFTMultisig
FN:700,decreaseBadDebt
FN:737,returnFunds
FN:796,getCurrentDepositAPY
FN:812,beginAddCollection
FN:833,beginUpdateCollection
FN:842,_prepareUpdate
FN:863,finishUpdateCollection
FN:905,updateDiscount
FN:933,updateFee
FN:954,revokeExpandability
FN:960,removeOddToken
FNF:25
FNH:25
FNDA:212,onlyRouter
FNDA:220,updateBorrowRate
FNDA:77,knownCollection
FNDA:90,constructor
FNDA:94,initialize
FNDA:97,depositFunds
FNDA:8,tokenizeShares
FNDA:34,withdrawFunds
FNDA:34,_withdrawFundsShares
FNDA:12,_withdrawFundsTokens
FNDA:55,borrowFunds
FNDA:14,paybackFunds
FNDA:9,liquidateNFT
FNDA:9,liquidateNFTMultisig
FNDA:3,decreaseBadDebt
FNDA:7,returnFunds
FNDA:1,getCurrentDepositAPY
FNDA:3,beginAddCollection
FNDA:2,beginUpdateCollection
FNDA:3,_prepareUpdate
FNDA:6,finishUpdateCollection
FNDA:5,updateDiscount
FNDA:5,updateFee
FNDA:1,revokeExpandability
FNDA:3,removeOddToken
DA:18,212
DA:22,204
DA:29,220
DA:30,186
DA:31,186
DA:33,186
DA:34,112
DA:44,77
DA:48,71
DA:60,90
DA:61,90
DA:93,94
DA:98,92
DA:100,92
DA:101,92
DA:102,92
DA:104,92
DA:109,92
DA:110,92
DA:111,92
DA:112,92
DA:113,92
DA:114,92
DA:116,92
DA:117,92
DA:118,92
DA:120,92
DA:124,92
DA:127,92
DA:136,92
DA:145,92
DA:149,92
DA:153,92
DA:170,97
DA:172,97
DA:173,97
DA:175,97
DA:181,97
DA:186,97
DA:190,97
DA:194,97
DA:198,97
DA:211,8
DA:216,6
DA:220,6
DA:235,34
DA:237,34
DA:239,34
DA:240,22
DA:245,22
DA:248,12
DA:253,12
DA:258,2
DA:271,34
DA:275,34
DA:280,34
DA:284,34
DA:288,34
DA:292,34
DA:298,34
DA:305,34
DA:319,12
DA:323,12
DA:328,2
DA:332,2
DA:336,2
DA:342,2
DA:349,2
DA:371,55
DA:373,55
DA:374,55
DA:379,53
DA:384,53
DA:395,51
DA:401,47
DA:407,47
DA:411,47
DA:415,47
DA:426,47
DA:432,47
DA:467,14
DA:468,14
DA:470,14
DA:471,14
DA:472,14
DA:473,14
DA:477,14
DA:478,4
DA:484,14
DA:488,14
DA:492,3
DA:500,3
DA:504,11
DA:515,9
DA:523,5
DA:529,5
DA:533,5
DA:537,5
DA:542,5
DA:552,5
DA:562,5
DA:585,9
DA:593,7
DA:604,5
DA:606,5
DA:608,5
DA:612,5
DA:616,5
DA:620,5
DA:624,5
DA:628,5
DA:630,5
DA:637,5
DA:644,5
DA:670,9
DA:678,7
DA:686,7
DA:688,7
DA:705,3
DA:709,3
DA:713,3
DA:720,3
DA:739,7
DA:741,7
DA:743,7
DA:748,5
DA:754,5
DA:758,5
DA:764,5
DA:766,5
DA:770,5
DA:774,5
DA:777,5
DA:784,5
DA:801,1
DA:814,3
DA:819,1
DA:835,2
DA:849,3
DA:855,3
DA:868,6
DA:869,6
DA:871,6
DA:876,2
DA:878,2
DA:879,1
DA:880,1
DA:883,2
DA:884,2
DA:886,2
DA:907,5
DA:912,3
DA:917,1
DA:922,1
DA:935,5
DA:940,3
DA:945,1
DA:957,1
DA:965,3
DA:966,2
DA:969,1
DA:974,1
LF:162
LH:162
BRDA:18,1,0,204
BRDA:18,1,1,8
BRDA:33,2,0,112
BRDA:33,2,1,74
BRDA:44,3,0,71
BRDA:44,3,1,6
BRDA:93,4,0,92
BRDA:93,4,1,2
BRDA:239,5,0,22
BRDA:239,5,1,12
BRDA:374,6,0,53
BRDA:374,6,1,2
BRDA:384,7,0,51
BRDA:384,7,1,2
BRDA:395,8,0,47
BRDA:395,8,1,4
BRDA:477,9,0,4
BRDA:477,9,1,10
BRDA:488,10,0,3
BRDA:488,10,1,11
BRDA:504,11,0,9
BRDA:504,11,1,2
BRDA:515,12,0,5
BRDA:515,12,1,4
BRDA:585,13,0,7
BRDA:585,13,1,2
BRDA:593,14,0,5
BRDA:593,14,1,2
BRDA:670,15,0,7
BRDA:670,15,1,2
BRDA:743,16,0,5
BRDA:743,16,1,2
BRDA:814,17,0,1
BRDA:814,17,1,2
BRDA:871,18,0,2
BRDA:871,18,1,4
BRDA:878,19,0,1
BRDA:878,19,1,1
BRDA:907,20,0,3
BRDA:907,20,1,2
BRDA:912,21,0,1
BRDA:912,21,1,2
BRDA:935,22,0,3
BRDA:935,22,1,2
BRDA:940,23,0,1
BRDA:940,23,1,2
BRDA:965,24,0,2
BRDA:965,24,1,1
BRF:48
BRH:48
end_of_record
TN:
SF:/Users/vm06007/Development/liquid-nft-contracts/v2/contracts/LiquidRouter.sol
FN:21,onlyFactory
FN:29,onlyKnownPools
FN:42,constructor
FN:57,updateFactory
FN:76,addLiquidPool
FN:93,removeLiquidPool
FN:114,depositFunds
FN:142,withdrawFunds
FN:163,moveFunds
FN:209,borrowFunds
FN:251,paybackFunds
FNF:11
FNH:11
FNDA:94,onlyFactory
FNDA:216,onlyKnownPools
FNDA:90,constructor
FNDA:1,updateFactory
FNDA:92,addLiquidPool
FNDA:1,removeLiquidPool
FNDA:97,depositFunds
FNDA:34,withdrawFunds
FNDA:3,moveFunds
FNDA:61,borrowFunds
FNDA:16,paybackFunds
DA:22,94
DA:26,92
DA:32,216
DA:36,208
DA:45,90
DA:59,1
DA:60,1
DA:62,1
DA:79,92
DA:81,92
DA:96,1
DA:98,1
DA:116,97
DA:121,97
DA:128,97
DA:144,34
DA:149,24
DA:170,3
DA:176,1
DA:182,1
DA:187,1
DA:211,61
DA:218,57
DA:229,47
DA:253,16
DA:263,8
DA:270,8
LF:27
LH:27
BRDA:22,1,0,92
BRDA:22,1,1,2
BRDA:32,2,0,208
BRDA:32,2,1,8
BRDA:170,3,0,1
BRDA:170,3,1,2
BRF:6
BRH:6
end_of_record
TN:
SF:/Users/vm06007/Development/liquid-nft-contracts/v2/contracts/LiquidTransfer.sol
FN:10,_transferNFT
FN:38,_transferFromNFT
FN:99,_safeTransfer
FN:122,_safeTransferFrom
FN:148,_safeBalance
FN:177,onERC721Received
FNF:6
FNH:6
FNDA:15,_transferNFT
FNDA:61,_transferFromNFT
FNDA:87,_safeTransfer
FNDA:118,_safeTransferFrom
FNDA:214,_safeBalance
FNDA:57,onERC721Received
DA:18,15
DA:25,15
DA:29,15
DA:46,61
DA:53,61
DA:57,61
DA:106,87
DA:114,87
DA:130,118
DA:139,118
DA:155,214
DA:162,214
DA:164,214
DA:186,57
DA:193,57
LF:15
LH:15
BRDA:29,1,0,15
BRDA:29,1,1,0
BRDA:57,2,0,57
BRDA:57,2,1,4
BRDA:114,3,0,87
BRDA:114,3,1,0
BRDA:139,4,0,118
BRDA:139,4,1,0
BRDA:162,5,0,0
BRDA:162,5,1,214
BRF:10
BRH:6
end_of_record
TN:
SF:/Users/vm06007/Development/liquid-nft-contracts/v2/contracts/NFT721.sol
FN:17,constructor
FN:22,mint
FN:38,burn
FNF:3
FNH:2
FNDA:93,constructor
FNDA:52,mint
FNDA:0,burn
DA:25,52
DA:28,52
DA:32,52
DA:43,0
LF:4
LH:3
BRF:0
BRH:0
end_of_record
TN:
SF:/Users/vm06007/Development/liquid-nft-contracts/v2/contracts/PoolBase.sol
FNF:0
FNH:0
LF:0
LH:0
BRF:0
BRH:0
end_of_record
TN:
SF:/Users/vm06007/Development/liquid-nft-contracts/v2/contracts/PoolFactory.sol
FN:26,constructor
FN:46,updateRouter
FN:58,updateDefaultPoolTarget
FN:75,createLiquidPool
FN:110,_generatePool
FN:158,predictPoolAddress
FNF:6
FNH:6
FNDA:90,constructor
FNDA:90,updateRouter
FNDA:90,updateDefaultPoolTarget
FNDA:92,createLiquidPool
FNDA:92,_generatePool
FNDA:92,predictPoolAddress
DA:30,90
DA:31,90
DA:48,90
DA:60,90
DA:78,92
DA:82,92
DA:86,92
DA:100,92
DA:104,92
DA:116,92
DA:123,92
DA:127,92
DA:168,92
DA:175,92
LF:14
LH:14
BRF:0
BRH:0
end_of_record
TN:
SF:/Users/vm06007/Development/liquid-nft-contracts/v2/contracts/PoolHelper.sol
FN:14,_increasePseudoTotalTokens
FN:27,_checkUnlockCondition
FN:40,_checkDiscountRangeConstraint
FN:53,_decreasePseudoTotalTokens
FN:65,_increaseTotalPool
FN:77,_decreaseTotalPool
FN:89,_increaseTotalInternalShares
FN:101,_decreaseTotalInternalShares
FN:113,_increaseInternalShares
FN:126,_decreaseInternalShares
FN:139,_increaseTotalBorrowShares
FN:151,_decreaseTotalBorrowShares
FN:163,_increaseTotalTokensDue
FN:175,_decreaseTotalTokensDue
FN:188,_calculateDepositShares
FN:205,loanOwner
FN:220,calculateDepositShares
FN:236,getCurrentPoolShares
FN:248,calculateWithdrawAmount
FN:263,maximumWithdrawableAmountByUser
FN:287,_cleanUp
FN:304,cleanUp
FN:314,_updateUtilization
FN:327,_newMarkovMean
FN:343,_newBorrowRate
FN:359,_aboveThreshold
FN:372,_updatePseudoTotalAmounts
FN:400,_preparationPool
FN:414,_scalingAlgorithm
FN:441,_saveUp
FN:453,_newMaxPoolShares
FN:465,_resonanceOutcome
FN:482,_resetResonanceFactor
FN:496,_revertDirectionSteppingState
FN:507,_decreaseresonanceFactor
FN:526,_increaseResonanceFactor
FN:543,_reversedChangingResonanceFactor
FN:556,_changingResonanceFactor
FN:568,_updateResonanceFactor
FN:581,getBorrowShareAmount
FN:596,getTokensFromBorrowShareAmount
FN:612,_endLoan
FN:655,predictFutureLoanValue
FN:674,_getPenaltyAmount
FN:691,_daysBase
FN:709,_verifyMerkleProof
FN:732,getMaximumBorrow
FN:744,checkCollateralValue
FN:764,_checkCollateralValue
FN:794,missedDeadline
FN:817,deadlineMultisig
FN:835,getNextPaymentDueTime
FN:851,getLiquidationAmounts
FN:869,_badDebt
FN:887,_increaseBadDebt
FN:896,_decreaseBadDebt
FN:910,_payAllFundsBack
FN:927,_updateLoan
FN:946,_updateLoanPayback
FNF:59
FNH:59
FNDA:317,_increasePseudoTotalTokens
FNDA:6,_checkUnlockCondition
FNDA:5,_checkDiscountRangeConstraint
FNDA:36,_decreasePseudoTotalTokens
FNDA:118,_increaseTotalPool
FNDA:83,_decreaseTotalPool
FNDA:97,_increaseTotalInternalShares
FNDA:40,_decreaseTotalInternalShares
FNDA:97,_increaseInternalShares
FNDA:42,_decreaseInternalShares
FNDA:47,_increaseTotalBorrowShares
FNDA:18,_decreaseTotalBorrowShares
FNDA:259,_increaseTotalTokensDue
FNDA:18,_decreaseTotalTokensDue
FNDA:97,_calculateDepositShares
FNDA:8,loanOwner
FNDA:7,calculateDepositShares
FNDA:264,getCurrentPoolShares
FNDA:48,calculateWithdrawAmount
FNDA:1,maximumWithdrawableAmountByUser
FNDA:213,_cleanUp
FNDA:1,cleanUp
FNDA:186,_updateUtilization
FNDA:186,_newMarkovMean
FNDA:186,_newBorrowRate
FNDA:186,_aboveThreshold
FNDA:212,_updatePseudoTotalAmounts
FNDA:212,_preparationPool
FNDA:112,_scalingAlgorithm
FNDA:112,_saveUp
FNDA:92,_newMaxPoolShares
FNDA:20,_resonanceOutcome
FNDA:7,_resetResonanceFactor
FNDA:13,_revertDirectionSteppingState
FNDA:6,_decreaseresonanceFactor
FNDA:7,_increaseResonanceFactor
FNDA:6,_reversedChangingResonanceFactor
FNDA:7,_changingResonanceFactor
FNDA:13,_updateResonanceFactor
FNDA:118,getBorrowShareAmount
FNDA:33,getTokensFromBorrowShareAmount
FNDA:3,_endLoan
FNDA:62,predictFutureLoanValue
FNDA:4,_getPenaltyAmount
FNDA:4,_daysBase
FNDA:72,_verifyMerkleProof
FNDA:62,getMaximumBorrow
FNDA:1,checkCollateralValue
FNDA:72,_checkCollateralValue
FNDA:9,missedDeadline
FNDA:9,deadlineMultisig
FNDA:18,getNextPaymentDueTime
FNDA:6,getLiquidationAmounts
FNDA:3,_badDebt
FNDA:3,_increaseBadDebt
FNDA:3,_decreaseBadDebt
FNDA:2,_payAllFundsBack
FNDA:47,_updateLoan
FNDA:5,_updateLoanPayback
DA:19,317
DA:34,6
DA:47,5
DA:58,36
DA:70,118
DA:82,83
DA:94,97
DA:106,40
DA:119,97
DA:132,42
DA:144,47
DA:156,18
DA:168,259
DA:180,18
DA:197,97
DA:213,8
DA:227,7
DA:241,264
DA:255,48
DA:273,1
DA:277,1
DA:290,213
DA:295,213
DA:296,3
DA:307,1
DA:317,186
DA:332,186
DA:336,186
DA:346,186
DA:351,186
DA:364,186
DA:377,212
DA:380,212
DA:385,212
DA:389,212
DA:393,212
DA:403,212
DA:405,212
DA:417,112
DA:419,112
DA:421,92
DA:425,92
DA:429,92
DA:432,20
DA:436,20
DA:446,112
DA:447,112
DA:458,92
DA:459,92
DA:472,20
DA:487,7
DA:488,7
DA:490,7
DA:499,13
DA:510,6
DA:513,6
DA:516,6
DA:529,7
DA:532,7
DA:535,7
DA:546,6
DA:550,6
DA:559,7
DA:573,13
DA:588,118
DA:603,33
DA:621,3
DA:625,3
DA:629,3
DA:633,3
DA:637,3
DA:641,3
DA:643,3
DA:663,62
DA:682,4
DA:699,4
DA:701,3
DA:718,72
DA:720,72
DA:722,916
DA:724,916
DA:729,72
DA:739,62
DA:755,1
DA:775,72
DA:783,72
DA:802,9
DA:807,9
DA:825,9
DA:830,9
DA:843,18
DA:858,6
DA:876,3
DA:880,3
DA:884,3
DA:892,3
DA:901,3
DA:916,2
DA:920,2
DA:937,47
DA:955,5
DA:957,5
LF:102
LH:102
BRDA:295,1,0,3
BRDA:295,1,1,210
BRDA:419,2,0,92
BRDA:419,2,1,20
BRDA:699,3,0,1
BRDA:699,3,1,3
BRF:6
BRH:6
end_of_record
TN:
SF:/Users/vm06007/Development/liquid-nft-contracts/v2/contracts/PoolToken.sol
FN:34,totalSupply
FN:42,balanceOf
FN:52,transfer
FN:68,allowance
FN:79,approve
FN:95,transferFrom
FN:118,permit
FN:171,_transfer
FN:191,_mint
FN:212,_burn
FN:233,_approve
FNF:11
FNH:6
FNDA:264,totalSupply
FNDA:7,balanceOf
FNDA:1,transfer
FNDA:0,allowance
FNDA:0,approve
FNDA:0,transferFrom
FNDA:0,permit
FNDA:1,_transfer
FNDA:6,_mint
FNDA:12,_burn
FNDA:0,_approve
DA:39,264
DA:49,7
DA:59,1
DA:65,1
DA:76,0
DA:86,0
DA:92,0
DA:103,0
DA:109,0
DA:115,0
DA:129,0
DA:134,0
DA:151,0
DA:158,0
DA:164,0
DA:178,1
DA:181,1
DA:184,1
DA:197,6
DA:200,6
DA:201,6
DA:205,6
DA:218,12
DA:221,2
DA:222,2
DA:226,2
DA:240,0
DA:242,0
LF:28
LH:15
BRDA:129,1,0,0
BRDA:129,1,1,0
BRDA:158,2,0,0
BRDA:158,2,1,0
BRF:4
BRH:0
end_of_record
TN:
SF:/Users/vm06007/Development/liquid-nft-contracts/v2/contracts/RouterEvents.sol
FNF:0
FNH:0
LF:0
LH:0
BRF:0
BRH:0
end_of_record
TN:
SF:/Users/vm06007/Development/liquid-nft-contracts/v2/contracts/TesterPool.sol
FN:16,constructor
FN:21,setMarkovMean
FN:29,setTotalBorrowShares
FN:37,setTotalTokensDue
FNF:4
FNH:4
FNDA:90,constructor
FNDA:5,setMarkovMean
FNDA:4,setTotalBorrowShares
FNDA:4,setTotalTokensDue
DA:26,5
DA:34,4
DA:42,4
LF:3
LH:3
BRF:0
BRH:0
end_of_record
TN:
SF:/Users/vm06007/Development/liquid-nft-contracts/v2/contracts/TestToken.sol
FN:34,constructor
FN:43,name
FN:51,symbol
FN:59,decimals
FN:67,totalSupply
FN:75,balanceOf
FN:85,transfer
FN:101,allowance
FN:112,approve
FN:128,transferFrom
FN:151,permit
FN:204,_transfer
FN:224,mint
FN:244,_burn
FN:265,_approve
FNF:15
FNH:9
FNDA:95,constructor
FNDA:0,name
FNDA:0,symbol
FNDA:93,decimals
FNDA:0,totalSupply
FNDA:258,balanceOf
FNDA:95,transfer
FNDA:0,allowance
FNDA:114,approve
FNDA:118,transferFrom
FNDA:0,permit
FNDA:213,_transfer
FNDA:103,mint
FNDA:0,_burn
FNDA:232,_approve
DA:38,95
DA:39,95
DA:40,95
DA:48,0
DA:56,0
DA:64,93
DA:72,0
DA:82,258
DA:92,95
DA:98,95
DA:109,0
DA:119,114
DA:125,114
DA:136,118
DA:142,118
DA:148,118
DA:162,0
DA:167,0
DA:184,0
DA:191,0
DA:197,0
DA:211,213
DA:214,213
DA:217,213
DA:229,103
DA:232,103
DA:233,103
DA:237,103
DA:250,0
DA:253,0
DA:254,0
DA:258,0
DA:272,232
DA:274,232
LF:34
LH:21
BRDA:162,1,0,0
BRDA:162,1,1,0
BRDA:191,2,0,0
BRDA:191,2,1,0
BRF:4
BRH:0
end_of_record
